Analysis & Synthesis report for traffic_counter_display
Fri Mar  6 11:34:09 2026
Quartus Prime Version 20.1.1 Build 720 11/11/2020 SJ Lite Edition


---------------------
; Table of Contents ;
---------------------
  1. Legal Notice
  2. Analysis & Synthesis Summary
  3. Analysis & Synthesis Settings
  4. Parallel Compilation
  5. Analysis & Synthesis Source Files Read
  6. Analysis & Synthesis Resource Usage Summary
  7. Analysis & Synthesis Resource Utilization by Entity
  8. User-Specified and Inferred Latches
  9. General Register Statistics
 10. Parameter Settings for User Entity Instance: Top-level Entity: |top_traffic_system
 11. Parameter Settings for User Entity Instance: traffic_light_controller:main_controller
 12. Parameter Settings for User Entity Instance: seven_segment_driver:seg_mux
 13. Parameter Settings for Inferred Entity Instance: traffic_light_controller:main_controller|lpm_divide:Mod0
 14. Parameter Settings for Inferred Entity Instance: traffic_light_controller:main_controller|lpm_divide:Div1
 15. Parameter Settings for Inferred Entity Instance: traffic_light_controller:main_controller|lpm_divide:Div0
 16. Parameter Settings for Inferred Entity Instance: traffic_light_controller:main_controller|lpm_mult:Mult0
 17. lpm_mult Parameter Settings by Entity Instance
 18. Port Connectivity Checks: "seven_segment_driver:seg_mux"
 19. Port Connectivity Checks: "traffic_light_controller:main_controller"
 20. Post-Synthesis Netlist Statistics for Top Partition
 21. Elapsed Time Per Partition
 22. Analysis & Synthesis Messages
 23. Analysis & Synthesis Suppressed Messages



----------------
; Legal Notice ;
----------------
Copyright (C) 2020  Intel Corporation. All rights reserved.
Your use of Intel Corporation's design tools, logic functions 
and other software and tools, and any partner logic 
functions, and any output files from any of the foregoing 
(including device programming or simulation files), and any 
associated documentation or information are expressly subject 
to the terms and conditions of the Intel Program License 
Subscription Agreement, the Intel Quartus Prime License Agreement,
the Intel FPGA IP License Agreement, or other applicable license
agreement, including, without limitation, that your use is for
the sole purpose of programming logic devices manufactured by
Intel and sold by Intel or its authorized distributors.  Please
refer to the applicable agreement for further details, at
https://fpgasoftware.intel.com/eula.



+----------------------------------------------------------------------------------+
; Analysis & Synthesis Summary                                                     ;
+------------------------------------+---------------------------------------------+
; Analysis & Synthesis Status        ; Successful - Fri Mar  6 11:34:09 2026       ;
; Quartus Prime Version              ; 20.1.1 Build 720 11/11/2020 SJ Lite Edition ;
; Revision Name                      ; traffic_counter_display                     ;
; Top-level Entity Name              ; top_traffic_system                          ;
; Family                             ; Cyclone IV E                                ;
; Total logic elements               ; 980                                         ;
;     Total combinational functions  ; 978                                         ;
;     Dedicated logic registers      ; 77                                          ;
; Total registers                    ; 77                                          ;
; Total pins                         ; 30                                          ;
; Total virtual pins                 ; 0                                           ;
; Total memory bits                  ; 0                                           ;
; Embedded Multiplier 9-bit elements ; 0                                           ;
; Total PLLs                         ; 0                                           ;
+------------------------------------+---------------------------------------------+


+-----------------------------------------------------------------------------------------------------------------+
; Analysis & Synthesis Settings                                                                                   ;
+------------------------------------------------------------------+--------------------+-------------------------+
; Option                                                           ; Setting            ; Default Value           ;
+------------------------------------------------------------------+--------------------+-------------------------+
; Device                                                           ; EP4CE6E22C8        ;                         ;
; Top-level entity name                                            ; top_traffic_system ; traffic_counter_display ;
; Family name                                                      ; Cyclone IV E       ; Cyclone V               ;
; Use smart compilation                                            ; Off                ; Off                     ;
; Enable parallel Assembler and Timing Analyzer during compilation ; On                 ; On                      ;
; Enable compact report table                                      ; Off                ; Off                     ;
; Restructure Multiplexers                                         ; Auto               ; Auto                    ;
; Create Debugging Nodes for IP Cores                              ; Off                ; Off                     ;
; Preserve fewer node names                                        ; On                 ; On                      ;
; Intel FPGA IP Evaluation Mode                                    ; Enable             ; Enable                  ;
; Verilog Version                                                  ; Verilog_2001       ; Verilog_2001            ;
; VHDL Version                                                     ; VHDL_1993          ; VHDL_1993               ;
; State Machine Processing                                         ; Auto               ; Auto                    ;
; Safe State Machine                                               ; Off                ; Off                     ;
; Extract Verilog State Machines                                   ; On                 ; On                      ;
; Extract VHDL State Machines                                      ; On                 ; On                      ;
; Ignore Verilog initial constructs                                ; Off                ; Off                     ;
; Iteration limit for constant Verilog loops                       ; 5000               ; 5000                    ;
; Iteration limit for non-constant Verilog loops                   ; 250                ; 250                     ;
; Add Pass-Through Logic to Inferred RAMs                          ; On                 ; On                      ;
; Infer RAMs from Raw Logic                                        ; On                 ; On                      ;
; Parallel Synthesis                                               ; On                 ; On                      ;
; DSP Block Balancing                                              ; Auto               ; Auto                    ;
; NOT Gate Push-Back                                               ; On                 ; On                      ;
; Power-Up Don't Care                                              ; On                 ; On                      ;
; Remove Redundant Logic Cells                                     ; Off                ; Off                     ;
; Remove Duplicate Registers                                       ; On                 ; On                      ;
; Ignore CARRY Buffers                                             ; Off                ; Off                     ;
; Ignore CASCADE Buffers                                           ; Off                ; Off                     ;
; Ignore GLOBAL Buffers                                            ; Off                ; Off                     ;
; Ignore ROW GLOBAL Buffers                                        ; Off                ; Off                     ;
; Ignore LCELL Buffers                                             ; Off                ; Off                     ;
; Ignore SOFT Buffers                                              ; On                 ; On                      ;
; Limit AHDL Integers to 32 Bits                                   ; Off                ; Off                     ;
; Optimization Technique                                           ; Balanced           ; Balanced                ;
; Carry Chain Length                                               ; 70                 ; 70                      ;
; Auto Carry Chains                                                ; On                 ; On                      ;
; Auto Open-Drain Pins                                             ; On                 ; On                      ;
; Perform WYSIWYG Primitive Resynthesis                            ; Off                ; Off                     ;
; Auto ROM Replacement                                             ; On                 ; On                      ;
; Auto RAM Replacement                                             ; On                 ; On                      ;
; Auto DSP Block Replacement                                       ; On                 ; On                      ;
; Auto Shift Register Replacement                                  ; Auto               ; Auto                    ;
; Allow Shift Register Merging across Hierarchies                  ; Auto               ; Auto                    ;
; Auto Clock Enable Replacement                                    ; On                 ; On                      ;
; Strict RAM Replacement                                           ; Off                ; Off                     ;
; Allow Synchronous Control Signals                                ; On                 ; On                      ;
; Force Use of Synchronous Clear Signals                           ; Off                ; Off                     ;
; Auto RAM Block Balancing                                         ; On                 ; On                      ;
; Auto RAM to Logic Cell Conversion                                ; Off                ; Off                     ;
; Auto Resource Sharing                                            ; Off                ; Off                     ;
; Allow Any RAM Size For Recognition                               ; Off                ; Off                     ;
; Allow Any ROM Size For Recognition                               ; Off                ; Off                     ;
; Allow Any Shift Register Size For Recognition                    ; Off                ; Off                     ;
; Use LogicLock Constraints during Resource Balancing              ; On                 ; On                      ;
; Ignore translate_off and synthesis_off directives                ; Off                ; Off                     ;
; Timing-Driven Synthesis                                          ; On                 ; On                      ;
; Report Parameter Settings                                        ; On                 ; On                      ;
; Report Source Assignments                                        ; On                 ; On                      ;
; Report Connectivity Checks                                       ; On                 ; On                      ;
; Ignore Maximum Fan-Out Assignments                               ; Off                ; Off                     ;
; Synchronization Register Chain Length                            ; 2                  ; 2                       ;
; Power Optimization During Synthesis                              ; Normal compilation ; Normal compilation      ;
; HDL message level                                                ; Level2             ; Level2                  ;
; Suppress Register Optimization Related Messages                  ; Off                ; Off                     ;
; Number of Removed Registers Reported in Synthesis Report         ; 5000               ; 5000                    ;
; Number of Swept Nodes Reported in Synthesis Report               ; 5000               ; 5000                    ;
; Number of Inverted Registers Reported in Synthesis Report        ; 100                ; 100                     ;
; Clock MUX Protection                                             ; On                 ; On                      ;
; Auto Gated Clock Conversion                                      ; Off                ; Off                     ;
; Block Design Naming                                              ; Auto               ; Auto                    ;
; SDC constraint protection                                        ; Off                ; Off                     ;
; Synthesis Effort                                                 ; Auto               ; Auto                    ;
; Shift Register Replacement - Allow Asynchronous Clear Signal     ; On                 ; On                      ;
; Pre-Mapping Resynthesis Optimization                             ; Off                ; Off                     ;
; Analysis & Synthesis Message Level                               ; Medium             ; Medium                  ;
; Disable Register Merging Across Hierarchies                      ; Auto               ; Auto                    ;
; Resource Aware Inference For Block RAM                           ; On                 ; On                      ;
+------------------------------------------------------------------+--------------------+-------------------------+


+------------------------------------------+
; Parallel Compilation                     ;
+----------------------------+-------------+
; Processors                 ; Number      ;
+----------------------------+-------------+
; Number detected on machine ; 8           ;
; Maximum allowed            ; 4           ;
;                            ;             ;
; Average used               ; 1.00        ;
; Maximum used               ; 4           ;
;                            ;             ;
; Usage by Processor         ; % Time Used ;
;     Processor 1            ; 100.0%      ;
;     Processor 2            ;   0.0%      ;
;     Processor 3            ;   0.0%      ;
;     Processor 4            ;   0.0%      ;
+----------------------------+-------------+


+--------------------------------------------------------------------------------------------------------------------------------------------------------------------------------------------------------------+
; Analysis & Synthesis Source Files Read                                                                                                                                                                       ;
+----------------------------------+-----------------+------------------------------+----------------------------------------------------------------------------------------------------------------+---------+
; File Name with User-Entered Path ; Used in Netlist ; File Type                    ; File Name with Absolute Path                                                                                   ; Library ;
+----------------------------------+-----------------+------------------------------+----------------------------------------------------------------------------------------------------------------+---------+
; traffic_light_controller.sv      ; yes             ; User SystemVerilog HDL File  ; /home/bui-khanh-hoang/Desktop/Traffic_Light_Sytem_Enhancement/traffic_system_7_seg/traffic_light_controller.sv ;         ;
; top_traffic_system.sv            ; yes             ; User SystemVerilog HDL File  ; /home/bui-khanh-hoang/Desktop/Traffic_Light_Sytem_Enhancement/traffic_system_7_seg/top_traffic_system.sv       ;         ;
; seven_segment_decoder.sv         ; yes             ; User SystemVerilog HDL File  ; /home/bui-khanh-hoang/Desktop/Traffic_Light_Sytem_Enhancement/traffic_system_7_seg/seven_segment_decoder.sv    ;         ;
; lpm_divide.tdf                   ; yes             ; Megafunction                 ; /home/bui-khanh-hoang/intelQuartus/quartus/libraries/megafunctions/lpm_divide.tdf                              ;         ;
; abs_divider.inc                  ; yes             ; Megafunction                 ; /home/bui-khanh-hoang/intelQuartus/quartus/libraries/megafunctions/abs_divider.inc                             ;         ;
; sign_div_unsign.inc              ; yes             ; Megafunction                 ; /home/bui-khanh-hoang/intelQuartus/quartus/libraries/megafunctions/sign_div_unsign.inc                         ;         ;
; aglobal201.inc                   ; yes             ; Megafunction                 ; /home/bui-khanh-hoang/intelQuartus/quartus/libraries/megafunctions/aglobal201.inc                              ;         ;
; db/lpm_divide_m9m.tdf            ; yes             ; Auto-Generated Megafunction  ; /home/bui-khanh-hoang/Desktop/Traffic_Light_Sytem_Enhancement/traffic_system_7_seg/db/lpm_divide_m9m.tdf       ;         ;
; db/sign_div_unsign_bkh.tdf       ; yes             ; Auto-Generated Megafunction  ; /home/bui-khanh-hoang/Desktop/Traffic_Light_Sytem_Enhancement/traffic_system_7_seg/db/sign_div_unsign_bkh.tdf  ;         ;
; db/alt_u_div_a4f.tdf             ; yes             ; Auto-Generated Megafunction  ; /home/bui-khanh-hoang/Desktop/Traffic_Light_Sytem_Enhancement/traffic_system_7_seg/db/alt_u_div_a4f.tdf        ;         ;
; db/add_sub_7pc.tdf               ; yes             ; Auto-Generated Megafunction  ; /home/bui-khanh-hoang/Desktop/Traffic_Light_Sytem_Enhancement/traffic_system_7_seg/db/add_sub_7pc.tdf          ;         ;
; db/add_sub_8pc.tdf               ; yes             ; Auto-Generated Megafunction  ; /home/bui-khanh-hoang/Desktop/Traffic_Light_Sytem_Enhancement/traffic_system_7_seg/db/add_sub_8pc.tdf          ;         ;
; db/lpm_divide_jhm.tdf            ; yes             ; Auto-Generated Megafunction  ; /home/bui-khanh-hoang/Desktop/Traffic_Light_Sytem_Enhancement/traffic_system_7_seg/db/lpm_divide_jhm.tdf       ;         ;
; db/lpm_divide_ekm.tdf            ; yes             ; Auto-Generated Megafunction  ; /home/bui-khanh-hoang/Desktop/Traffic_Light_Sytem_Enhancement/traffic_system_7_seg/db/lpm_divide_ekm.tdf       ;         ;
; db/sign_div_unsign_6nh.tdf       ; yes             ; Auto-Generated Megafunction  ; /home/bui-khanh-hoang/Desktop/Traffic_Light_Sytem_Enhancement/traffic_system_7_seg/db/sign_div_unsign_6nh.tdf  ;         ;
; db/alt_u_div_0af.tdf             ; yes             ; Auto-Generated Megafunction  ; /home/bui-khanh-hoang/Desktop/Traffic_Light_Sytem_Enhancement/traffic_system_7_seg/db/alt_u_div_0af.tdf        ;         ;
; lpm_mult.tdf                     ; yes             ; Megafunction                 ; /home/bui-khanh-hoang/intelQuartus/quartus/libraries/megafunctions/lpm_mult.tdf                                ;         ;
; lpm_add_sub.inc                  ; yes             ; Megafunction                 ; /home/bui-khanh-hoang/intelQuartus/quartus/libraries/megafunctions/lpm_add_sub.inc                             ;         ;
; multcore.inc                     ; yes             ; Megafunction                 ; /home/bui-khanh-hoang/intelQuartus/quartus/libraries/megafunctions/multcore.inc                                ;         ;
; bypassff.inc                     ; yes             ; Megafunction                 ; /home/bui-khanh-hoang/intelQuartus/quartus/libraries/megafunctions/bypassff.inc                                ;         ;
; altshift.inc                     ; yes             ; Megafunction                 ; /home/bui-khanh-hoang/intelQuartus/quartus/libraries/megafunctions/altshift.inc                                ;         ;
; multcore.tdf                     ; yes             ; Megafunction                 ; /home/bui-khanh-hoang/intelQuartus/quartus/libraries/megafunctions/multcore.tdf                                ;         ;
; csa_add.inc                      ; yes             ; Megafunction                 ; /home/bui-khanh-hoang/intelQuartus/quartus/libraries/megafunctions/csa_add.inc                                 ;         ;
; mpar_add.inc                     ; yes             ; Megafunction                 ; /home/bui-khanh-hoang/intelQuartus/quartus/libraries/megafunctions/mpar_add.inc                                ;         ;
; muleabz.inc                      ; yes             ; Megafunction                 ; /home/bui-khanh-hoang/intelQuartus/quartus/libraries/megafunctions/muleabz.inc                                 ;         ;
; mul_lfrg.inc                     ; yes             ; Megafunction                 ; /home/bui-khanh-hoang/intelQuartus/quartus/libraries/megafunctions/mul_lfrg.inc                                ;         ;
; mul_boothc.inc                   ; yes             ; Megafunction                 ; /home/bui-khanh-hoang/intelQuartus/quartus/libraries/megafunctions/mul_boothc.inc                              ;         ;
; alt_ded_mult.inc                 ; yes             ; Megafunction                 ; /home/bui-khanh-hoang/intelQuartus/quartus/libraries/megafunctions/alt_ded_mult.inc                            ;         ;
; alt_ded_mult_y.inc               ; yes             ; Megafunction                 ; /home/bui-khanh-hoang/intelQuartus/quartus/libraries/megafunctions/alt_ded_mult_y.inc                          ;         ;
; dffpipe.inc                      ; yes             ; Megafunction                 ; /home/bui-khanh-hoang/intelQuartus/quartus/libraries/megafunctions/dffpipe.inc                                 ;         ;
; mpar_add.tdf                     ; yes             ; Megafunction                 ; /home/bui-khanh-hoang/intelQuartus/quartus/libraries/megafunctions/mpar_add.tdf                                ;         ;
; lpm_add_sub.tdf                  ; yes             ; Megafunction                 ; /home/bui-khanh-hoang/intelQuartus/quartus/libraries/megafunctions/lpm_add_sub.tdf                             ;         ;
; addcore.inc                      ; yes             ; Megafunction                 ; /home/bui-khanh-hoang/intelQuartus/quartus/libraries/megafunctions/addcore.inc                                 ;         ;
; look_add.inc                     ; yes             ; Megafunction                 ; /home/bui-khanh-hoang/intelQuartus/quartus/libraries/megafunctions/look_add.inc                                ;         ;
; alt_stratix_add_sub.inc          ; yes             ; Megafunction                 ; /home/bui-khanh-hoang/intelQuartus/quartus/libraries/megafunctions/alt_stratix_add_sub.inc                     ;         ;
; db/add_sub_ogh.tdf               ; yes             ; Auto-Generated Megafunction  ; /home/bui-khanh-hoang/Desktop/Traffic_Light_Sytem_Enhancement/traffic_system_7_seg/db/add_sub_ogh.tdf          ;         ;
; altshift.tdf                     ; yes             ; Megafunction                 ; /home/bui-khanh-hoang/intelQuartus/quartus/libraries/megafunctions/altshift.tdf                                ;         ;
+----------------------------------+-----------------+------------------------------+----------------------------------------------------------------------------------------------------------------+---------+


+---------------------------------------------------------+
; Analysis & Synthesis Resource Usage Summary             ;
+---------------------------------------------+-----------+
; Resource                                    ; Usage     ;
+---------------------------------------------+-----------+
; Estimated Total logic elements              ; 980       ;
;                                             ;           ;
; Total combinational functions               ; 978       ;
; Logic element usage by number of LUT inputs ;           ;
;     -- 4 input functions                    ; 241       ;
;     -- 3 input functions                    ; 264       ;
;     -- <=2 input functions                  ; 473       ;
;                                             ;           ;
; Logic elements by mode                      ;           ;
;     -- normal mode                          ; 644       ;
;     -- arithmetic mode                      ; 334       ;
;                                             ;           ;
; Total registers                             ; 77        ;
;     -- Dedicated logic registers            ; 77        ;
;     -- I/O registers                        ; 0         ;
;                                             ;           ;
; I/O pins                                    ; 30        ;
;                                             ;           ;
; Embedded Multiplier 9-bit elements          ; 0         ;
;                                             ;           ;
; Maximum fan-out node                        ; clk~input ;
; Maximum fan-out                             ; 77        ;
; Total fan-out                               ; 2962      ;
; Average fan-out                             ; 2.66      ;
+---------------------------------------------+-----------+


+--------------------------------------------------------------------------------------------------------------------------------------------------------------------------------------------------------------------------------------------------------------------------------------------------------------------------------------------------------------------------------------+
; Analysis & Synthesis Resource Utilization by Entity                                                                                                                                                                                                                                                                                                                                  ;
+------------------------------------------------+---------------------+---------------------------+-------------+--------------+---------+-----------+------+--------------+----------------------------------------------------------------------------------------------------------------------------------------------------------------+--------------------------+--------------+
; Compilation Hierarchy Node                     ; Combinational ALUTs ; Dedicated Logic Registers ; Memory Bits ; DSP Elements ; DSP 9x9 ; DSP 18x18 ; Pins ; Virtual Pins ; Full Hierarchy Name                                                                                                                                            ; Entity Name              ; Library Name ;
+------------------------------------------------+---------------------+---------------------------+-------------+--------------+---------+-----------+------+--------------+----------------------------------------------------------------------------------------------------------------------------------------------------------------+--------------------------+--------------+
; |top_traffic_system                            ; 978 (2)             ; 77 (2)                    ; 0           ; 0            ; 0       ; 0         ; 30   ; 0            ; |top_traffic_system                                                                                                                                            ; top_traffic_system       ; work         ;
;    |seven_segment_driver:seg_mux|              ; 44 (44)             ; 33 (33)                   ; 0           ; 0            ; 0       ; 0         ; 0    ; 0            ; |top_traffic_system|seven_segment_driver:seg_mux                                                                                                               ; seven_segment_driver     ; work         ;
;    |traffic_light_controller:main_controller|  ; 932 (111)           ; 42 (42)                   ; 0           ; 0            ; 0       ; 0         ; 0    ; 0            ; |top_traffic_system|traffic_light_controller:main_controller                                                                                                   ; traffic_light_controller ; work         ;
;       |lpm_divide:Div0|                        ; 678 (0)             ; 0 (0)                     ; 0           ; 0            ; 0       ; 0         ; 0    ; 0            ; |top_traffic_system|traffic_light_controller:main_controller|lpm_divide:Div0                                                                                   ; lpm_divide               ; work         ;
;          |lpm_divide_ekm:auto_generated|       ; 678 (0)             ; 0 (0)                     ; 0           ; 0            ; 0       ; 0         ; 0    ; 0            ; |top_traffic_system|traffic_light_controller:main_controller|lpm_divide:Div0|lpm_divide_ekm:auto_generated                                                     ; lpm_divide_ekm           ; work         ;
;             |sign_div_unsign_6nh:divider|      ; 678 (0)             ; 0 (0)                     ; 0           ; 0            ; 0       ; 0         ; 0    ; 0            ; |top_traffic_system|traffic_light_controller:main_controller|lpm_divide:Div0|lpm_divide_ekm:auto_generated|sign_div_unsign_6nh:divider                         ; sign_div_unsign_6nh      ; work         ;
;                |alt_u_div_0af:divider|         ; 678 (678)           ; 0 (0)                     ; 0           ; 0            ; 0       ; 0         ; 0    ; 0            ; |top_traffic_system|traffic_light_controller:main_controller|lpm_divide:Div0|lpm_divide_ekm:auto_generated|sign_div_unsign_6nh:divider|alt_u_div_0af:divider   ; alt_u_div_0af            ; work         ;
;       |lpm_divide:Div1|                        ; 56 (0)              ; 0 (0)                     ; 0           ; 0            ; 0       ; 0         ; 0    ; 0            ; |top_traffic_system|traffic_light_controller:main_controller|lpm_divide:Div1                                                                                   ; lpm_divide               ; work         ;
;          |lpm_divide_jhm:auto_generated|       ; 56 (0)              ; 0 (0)                     ; 0           ; 0            ; 0       ; 0         ; 0    ; 0            ; |top_traffic_system|traffic_light_controller:main_controller|lpm_divide:Div1|lpm_divide_jhm:auto_generated                                                     ; lpm_divide_jhm           ; work         ;
;             |sign_div_unsign_bkh:divider|      ; 56 (0)              ; 0 (0)                     ; 0           ; 0            ; 0       ; 0         ; 0    ; 0            ; |top_traffic_system|traffic_light_controller:main_controller|lpm_divide:Div1|lpm_divide_jhm:auto_generated|sign_div_unsign_bkh:divider                         ; sign_div_unsign_bkh      ; work         ;
;                |alt_u_div_a4f:divider|         ; 56 (56)             ; 0 (0)                     ; 0           ; 0            ; 0       ; 0         ; 0    ; 0            ; |top_traffic_system|traffic_light_controller:main_controller|lpm_divide:Div1|lpm_divide_jhm:auto_generated|sign_div_unsign_bkh:divider|alt_u_div_a4f:divider   ; alt_u_div_a4f            ; work         ;
;       |lpm_divide:Mod0|                        ; 59 (0)              ; 0 (0)                     ; 0           ; 0            ; 0       ; 0         ; 0    ; 0            ; |top_traffic_system|traffic_light_controller:main_controller|lpm_divide:Mod0                                                                                   ; lpm_divide               ; work         ;
;          |lpm_divide_m9m:auto_generated|       ; 59 (0)              ; 0 (0)                     ; 0           ; 0            ; 0       ; 0         ; 0    ; 0            ; |top_traffic_system|traffic_light_controller:main_controller|lpm_divide:Mod0|lpm_divide_m9m:auto_generated                                                     ; lpm_divide_m9m           ; work         ;
;             |sign_div_unsign_bkh:divider|      ; 59 (0)              ; 0 (0)                     ; 0           ; 0            ; 0       ; 0         ; 0    ; 0            ; |top_traffic_system|traffic_light_controller:main_controller|lpm_divide:Mod0|lpm_divide_m9m:auto_generated|sign_div_unsign_bkh:divider                         ; sign_div_unsign_bkh      ; work         ;
;                |alt_u_div_a4f:divider|         ; 59 (59)             ; 0 (0)                     ; 0           ; 0            ; 0       ; 0         ; 0    ; 0            ; |top_traffic_system|traffic_light_controller:main_controller|lpm_divide:Mod0|lpm_divide_m9m:auto_generated|sign_div_unsign_bkh:divider|alt_u_div_a4f:divider   ; alt_u_div_a4f            ; work         ;
;       |lpm_mult:Mult0|                         ; 28 (0)              ; 0 (0)                     ; 0           ; 0            ; 0       ; 0         ; 0    ; 0            ; |top_traffic_system|traffic_light_controller:main_controller|lpm_mult:Mult0                                                                                    ; lpm_mult                 ; work         ;
;          |multcore:mult_core|                  ; 28 (13)             ; 0 (0)                     ; 0           ; 0            ; 0       ; 0         ; 0    ; 0            ; |top_traffic_system|traffic_light_controller:main_controller|lpm_mult:Mult0|multcore:mult_core                                                                 ; multcore                 ; work         ;
;             |mpar_add:padder|                  ; 15 (0)              ; 0 (0)                     ; 0           ; 0            ; 0       ; 0         ; 0    ; 0            ; |top_traffic_system|traffic_light_controller:main_controller|lpm_mult:Mult0|multcore:mult_core|mpar_add:padder                                                 ; mpar_add                 ; work         ;
;                |lpm_add_sub:adder[0]|          ; 15 (0)              ; 0 (0)                     ; 0           ; 0            ; 0       ; 0         ; 0    ; 0            ; |top_traffic_system|traffic_light_controller:main_controller|lpm_mult:Mult0|multcore:mult_core|mpar_add:padder|lpm_add_sub:adder[0]                            ; lpm_add_sub              ; work         ;
;                   |add_sub_ogh:auto_generated| ; 15 (15)             ; 0 (0)                     ; 0           ; 0            ; 0       ; 0         ; 0    ; 0            ; |top_traffic_system|traffic_light_controller:main_controller|lpm_mult:Mult0|multcore:mult_core|mpar_add:padder|lpm_add_sub:adder[0]|add_sub_ogh:auto_generated ; add_sub_ogh              ; work         ;
+------------------------------------------------+---------------------+---------------------------+-------------+--------------+---------+-----------+------+--------------+----------------------------------------------------------------------------------------------------------------------------------------------------------------+--------------------------+--------------+
Note: For table entries with two numbers listed, the numbers in parentheses indicate the number of resources of the given type used by the specific entity alone. The numbers listed outside of parentheses indicate the total resources of the given type used by the specific entity and all of its sub-entities in the hierarchy.


+-------------------------------------------------------------------------------------------------------------------------------------+
; User-Specified and Inferred Latches                                                                                                 ;
+------------------------------------------------------------+-----------------------------------------------+------------------------+
; Latch Name                                                 ; Latch Enable Signal                           ; Free of Timing Hazards ;
+------------------------------------------------------------+-----------------------------------------------+------------------------+
; traffic_light_controller:main_controller|state_duration[3] ; traffic_light_controller:main_controller|Mux2 ; yes                    ;
; traffic_light_controller:main_controller|state_duration[2] ; traffic_light_controller:main_controller|Mux2 ; yes                    ;
; traffic_light_controller:main_controller|state_duration[1] ; traffic_light_controller:main_controller|Mux2 ; yes                    ;
; traffic_light_controller:main_controller|state_duration[0] ; traffic_light_controller:main_controller|Mux2 ; yes                    ;
; traffic_light_controller:main_controller|state_duration[4] ; traffic_light_controller:main_controller|Mux2 ; yes                    ;
; Number of user-specified and inferred latches = 5          ;                                               ;                        ;
+------------------------------------------------------------+-----------------------------------------------+------------------------+
Note: All latches listed above may not be present at the end of synthesis due to various synthesis optimizations.


+------------------------------------------------------+
; General Register Statistics                          ;
+----------------------------------------------+-------+
; Statistic                                    ; Value ;
+----------------------------------------------+-------+
; Total registers                              ; 77    ;
; Number of registers using Synchronous Clear  ; 32    ;
; Number of registers using Synchronous Load   ; 0     ;
; Number of registers using Asynchronous Clear ; 77    ;
; Number of registers using Asynchronous Load  ; 0     ;
; Number of registers using Clock Enable       ; 0     ;
; Number of registers using Preset             ; 0     ;
+----------------------------------------------+-------+


+------------------------------------------------------------------------------------+
; Parameter Settings for User Entity Instance: Top-level Entity: |top_traffic_system ;
+----------------+----------+--------------------------------------------------------+
; Parameter Name ; Value    ; Type                                                   ;
+----------------+----------+--------------------------------------------------------+
; CLK_FREQ       ; 50000000 ; Signed Integer                                         ;
; RED_DUR        ; 30       ; Signed Integer                                         ;
; GREEN_DUR      ; 25       ; Signed Integer                                         ;
; YELLOW_DUR     ; 5        ; Signed Integer                                         ;
+----------------+----------+--------------------------------------------------------+
Note: In order to hide this table in the UI and the text report file, please set the "Show Parameter Settings in Synthesis Report" option in "Analysis and Synthesis Settings -> More Settings" to "Off".


+---------------------------------------------------------------------------------------+
; Parameter Settings for User Entity Instance: traffic_light_controller:main_controller ;
+-----------------+-------+-------------------------------------------------------------+
; Parameter Name  ; Value ; Type                                                        ;
+-----------------+-------+-------------------------------------------------------------+
; RED_DURATION    ; 30    ; Signed Integer                                              ;
; GREEN_DURATION  ; 25    ; Signed Integer                                              ;
; YELLOW_DURATION ; 5     ; Signed Integer                                              ;
+-----------------+-------+-------------------------------------------------------------+
Note: In order to hide this table in the UI and the text report file, please set the "Show Parameter Settings in Synthesis Report" option in "Analysis and Synthesis Settings -> More Settings" to "Off".


+---------------------------------------------------------------------------+
; Parameter Settings for User Entity Instance: seven_segment_driver:seg_mux ;
+----------------+-------+--------------------------------------------------+
; Parameter Name ; Value ; Type                                             ;
+----------------+-------+--------------------------------------------------+
; REFRESH_RATE   ; 1000  ; Signed Integer                                   ;
+----------------+-------+--------------------------------------------------+
Note: In order to hide this table in the UI and the text report file, please set the "Show Parameter Settings in Synthesis Report" option in "Analysis and Synthesis Settings -> More Settings" to "Off".


+-----------------------------------------------------------------------------------------------------------+
; Parameter Settings for Inferred Entity Instance: traffic_light_controller:main_controller|lpm_divide:Mod0 ;
+------------------------+----------------+-----------------------------------------------------------------+
; Parameter Name         ; Value          ; Type                                                            ;
+------------------------+----------------+-----------------------------------------------------------------+
; LPM_WIDTHN             ; 8              ; Untyped                                                         ;
; LPM_WIDTHD             ; 4              ; Untyped                                                         ;
; LPM_NREPRESENTATION    ; UNSIGNED       ; Untyped                                                         ;
; LPM_DREPRESENTATION    ; UNSIGNED       ; Untyped                                                         ;
; LPM_PIPELINE           ; 0              ; Untyped                                                         ;
; LPM_REMAINDERPOSITIVE  ; TRUE           ; Untyped                                                         ;
; MAXIMIZE_SPEED         ; 5              ; Untyped                                                         ;
; CBXI_PARAMETER         ; lpm_divide_m9m ; Untyped                                                         ;
; CARRY_CHAIN            ; MANUAL         ; Untyped                                                         ;
; OPTIMIZE_FOR_SPEED     ; 5              ; Untyped                                                         ;
; AUTO_CARRY_CHAINS      ; ON             ; AUTO_CARRY                                                      ;
; IGNORE_CARRY_BUFFERS   ; OFF            ; IGNORE_CARRY                                                    ;
; AUTO_CASCADE_CHAINS    ; ON             ; AUTO_CASCADE                                                    ;
; IGNORE_CASCADE_BUFFERS ; OFF            ; IGNORE_CASCADE                                                  ;
+------------------------+----------------+-----------------------------------------------------------------+
Note: In order to hide this table in the UI and the text report file, please set the "Show Parameter Settings in Synthesis Report" option in "Analysis and Synthesis Settings -> More Settings" to "Off".


+-----------------------------------------------------------------------------------------------------------+
; Parameter Settings for Inferred Entity Instance: traffic_light_controller:main_controller|lpm_divide:Div1 ;
+------------------------+----------------+-----------------------------------------------------------------+
; Parameter Name         ; Value          ; Type                                                            ;
+------------------------+----------------+-----------------------------------------------------------------+
; LPM_WIDTHN             ; 8              ; Untyped                                                         ;
; LPM_WIDTHD             ; 4              ; Untyped                                                         ;
; LPM_NREPRESENTATION    ; UNSIGNED       ; Untyped                                                         ;
; LPM_DREPRESENTATION    ; UNSIGNED       ; Untyped                                                         ;
; LPM_PIPELINE           ; 0              ; Untyped                                                         ;
; LPM_REMAINDERPOSITIVE  ; TRUE           ; Untyped                                                         ;
; MAXIMIZE_SPEED         ; 5              ; Untyped                                                         ;
; CBXI_PARAMETER         ; lpm_divide_jhm ; Untyped                                                         ;
; CARRY_CHAIN            ; MANUAL         ; Untyped                                                         ;
; OPTIMIZE_FOR_SPEED     ; 5              ; Untyped                                                         ;
; AUTO_CARRY_CHAINS      ; ON             ; AUTO_CARRY                                                      ;
; IGNORE_CARRY_BUFFERS   ; OFF            ; IGNORE_CARRY                                                    ;
; AUTO_CASCADE_CHAINS    ; ON             ; AUTO_CASCADE                                                    ;
; IGNORE_CASCADE_BUFFERS ; OFF            ; IGNORE_CASCADE                                                  ;
+------------------------+----------------+-----------------------------------------------------------------+
Note: In order to hide this table in the UI and the text report file, please set the "Show Parameter Settings in Synthesis Report" option in "Analysis and Synthesis Settings -> More Settings" to "Off".


+-----------------------------------------------------------------------------------------------------------+
; Parameter Settings for Inferred Entity Instance: traffic_light_controller:main_controller|lpm_divide:Div0 ;
+------------------------+----------------+-----------------------------------------------------------------+
; Parameter Name         ; Value          ; Type                                                            ;
+------------------------+----------------+-----------------------------------------------------------------+
; LPM_WIDTHN             ; 32             ; Untyped                                                         ;
; LPM_WIDTHD             ; 20             ; Untyped                                                         ;
; LPM_NREPRESENTATION    ; UNSIGNED       ; Untyped                                                         ;
; LPM_DREPRESENTATION    ; UNSIGNED       ; Untyped                                                         ;
; LPM_PIPELINE           ; 0              ; Untyped                                                         ;
; LPM_REMAINDERPOSITIVE  ; TRUE           ; Untyped                                                         ;
; MAXIMIZE_SPEED         ; 5              ; Untyped                                                         ;
; CBXI_PARAMETER         ; lpm_divide_ekm ; Untyped                                                         ;
; CARRY_CHAIN            ; MANUAL         ; Untyped                                                         ;
; OPTIMIZE_FOR_SPEED     ; 5              ; Untyped                                                         ;
; AUTO_CARRY_CHAINS      ; ON             ; AUTO_CARRY                                                      ;
; IGNORE_CARRY_BUFFERS   ; OFF            ; IGNORE_CARRY                                                    ;
; AUTO_CASCADE_CHAINS    ; ON             ; AUTO_CASCADE                                                    ;
; IGNORE_CASCADE_BUFFERS ; OFF            ; IGNORE_CASCADE                                                  ;
+------------------------+----------------+-----------------------------------------------------------------+
Note: In order to hide this table in the UI and the text report file, please set the "Show Parameter Settings in Synthesis Report" option in "Analysis and Synthesis Settings -> More Settings" to "Off".


+----------------------------------------------------------------------------------------------------------+
; Parameter Settings for Inferred Entity Instance: traffic_light_controller:main_controller|lpm_mult:Mult0 ;
+------------------------------------------------+--------------+------------------------------------------+
; Parameter Name                                 ; Value        ; Type                                     ;
+------------------------------------------------+--------------+------------------------------------------+
; AUTO_CARRY_CHAINS                              ; ON           ; AUTO_CARRY                               ;
; IGNORE_CARRY_BUFFERS                           ; OFF          ; IGNORE_CARRY                             ;
; AUTO_CASCADE_CHAINS                            ; ON           ; AUTO_CASCADE                             ;
; IGNORE_CASCADE_BUFFERS                         ; OFF          ; IGNORE_CASCADE                           ;
; LPM_WIDTHA                                     ; 5            ; Untyped                                  ;
; LPM_WIDTHB                                     ; 20           ; Untyped                                  ;
; LPM_WIDTHP                                     ; 25           ; Untyped                                  ;
; LPM_WIDTHR                                     ; 25           ; Untyped                                  ;
; LPM_WIDTHS                                     ; 1            ; Untyped                                  ;
; LPM_REPRESENTATION                             ; UNSIGNED     ; Untyped                                  ;
; LPM_PIPELINE                                   ; 0            ; Untyped                                  ;
; LATENCY                                        ; 0            ; Untyped                                  ;
; INPUT_A_IS_CONSTANT                            ; NO           ; Untyped                                  ;
; INPUT_B_IS_CONSTANT                            ; YES          ; Untyped                                  ;
; USE_EAB                                        ; OFF          ; Untyped                                  ;
; MAXIMIZE_SPEED                                 ; 5            ; Untyped                                  ;
; DEVICE_FAMILY                                  ; Cyclone IV E ; Untyped                                  ;
; CARRY_CHAIN                                    ; MANUAL       ; Untyped                                  ;
; APEX20K_TECHNOLOGY_MAPPER                      ; LUT          ; TECH_MAPPER_APEX20K                      ;
; DEDICATED_MULTIPLIER_CIRCUITRY                 ; AUTO         ; Untyped                                  ;
; DEDICATED_MULTIPLIER_MIN_INPUT_WIDTH_FOR_AUTO  ; 0            ; Untyped                                  ;
; DEDICATED_MULTIPLIER_MIN_OUTPUT_WIDTH_FOR_AUTO ; 0            ; Untyped                                  ;
; CBXI_PARAMETER                                 ; NOTHING      ; Untyped                                  ;
; INPUT_A_FIXED_VALUE                            ; Bx           ; Untyped                                  ;
; INPUT_B_FIXED_VALUE                            ; Bx           ; Untyped                                  ;
; USE_AHDL_IMPLEMENTATION                        ; OFF          ; Untyped                                  ;
+------------------------------------------------+--------------+------------------------------------------+
Note: In order to hide this table in the UI and the text report file, please set the "Show Parameter Settings in Synthesis Report" option in "Analysis and Synthesis Settings -> More Settings" to "Off".


+-------------------------------------------------------------------------------------------------+
; lpm_mult Parameter Settings by Entity Instance                                                  ;
+---------------------------------------+---------------------------------------------------------+
; Name                                  ; Value                                                   ;
+---------------------------------------+---------------------------------------------------------+
; Number of entity instances            ; 1                                                       ;
; Entity Instance                       ; traffic_light_controller:main_controller|lpm_mult:Mult0 ;
;     -- LPM_WIDTHA                     ; 5                                                       ;
;     -- LPM_WIDTHB                     ; 20                                                      ;
;     -- LPM_WIDTHP                     ; 25                                                      ;
;     -- LPM_REPRESENTATION             ; UNSIGNED                                                ;
;     -- INPUT_A_IS_CONSTANT            ; NO                                                      ;
;     -- INPUT_B_IS_CONSTANT            ; YES                                                     ;
;     -- USE_EAB                        ; OFF                                                     ;
;     -- DEDICATED_MULTIPLIER_CIRCUITRY ; AUTO                                                    ;
;     -- INPUT_A_FIXED_VALUE            ; Bx                                                      ;
;     -- INPUT_B_FIXED_VALUE            ; Bx                                                      ;
+---------------------------------------+---------------------------------------------------------+


+----------------------------------------------------------+
; Port Connectivity Checks: "seven_segment_driver:seg_mux" ;
+----------+--------+----------+---------------------------+
; Port     ; Type   ; Severity ; Details                   ;
+----------+--------+----------+---------------------------+
; mode     ; Input  ; Info     ; Stuck at GND              ;
; segments ; Output ; Info     ; Explicitly unconnected    ;
+----------+--------+----------+---------------------------+


+----------------------------------------------------------------------------------------------------------------------------------------------------------------------+
; Port Connectivity Checks: "traffic_light_controller:main_controller"                                                                                                 ;
+---------------+--------+----------+----------------------------------------------------------------------------------------------------------------------------------+
; Port          ; Type   ; Severity ; Details                                                                                                                          ;
+---------------+--------+----------+----------------------------------------------------------------------------------------------------------------------------------+
; current_state ; Output ; Warning  ; Output or bidir port (8 bits) is wider than the port expression (2 bits) it drives; bit(s) "current_state[7..2]" have no fanouts ;
+---------------+--------+----------+----------------------------------------------------------------------------------------------------------------------------------+


+-----------------------------------------------------+
; Post-Synthesis Netlist Statistics for Top Partition ;
+-----------------------+-----------------------------+
; Type                  ; Count                       ;
+-----------------------+-----------------------------+
; boundary_port         ; 30                          ;
; cycloneiii_ff         ; 77                          ;
;     CLR               ; 45                          ;
;     CLR SCLR          ; 32                          ;
; cycloneiii_lcell_comb ; 993                         ;
;     arith             ; 334                         ;
;         1 data inputs ; 1                           ;
;         2 data inputs ; 108                         ;
;         3 data inputs ; 225                         ;
;     normal            ; 659                         ;
;         0 data inputs ; 26                          ;
;         1 data inputs ; 18                          ;
;         2 data inputs ; 335                         ;
;         3 data inputs ; 39                          ;
;         4 data inputs ; 241                         ;
;                       ;                             ;
; Max LUT depth         ; 46.10                       ;
; Average LUT depth     ; 32.41                       ;
+-----------------------+-----------------------------+


+-------------------------------+
; Elapsed Time Per Partition    ;
+----------------+--------------+
; Partition Name ; Elapsed Time ;
+----------------+--------------+
; Top            ; 00:00:02     ;
+----------------+--------------+


+-------------------------------+
; Analysis & Synthesis Messages ;
+-------------------------------+
Info: *******************************************************************
Info: Running Quartus Prime Analysis & Synthesis
    Info: Version 20.1.1 Build 720 11/11/2020 SJ Lite Edition
    Info: Processing started: Fri Mar  6 11:33:59 2026
Info: Command: quartus_map --read_settings_files=on --write_settings_files=off traffic_counter_display -c traffic_counter_display
Warning (18236): Number of processors has not been specified which may cause overloading on shared machines.  Set the global assignment NUM_PARALLEL_PROCESSORS in your QSF to an appropriate value for best performance.
Info (20030): Parallel compilation is enabled and will use 4 of the 4 processors detected
Info (12021): Found 7 design units, including 7 entities, in source file traffic_counter_display.sv
    Info (12023): Found entity 1: traffic_counter_display_driver File: /home/bui-khanh-hoang/Desktop/Traffic_Light_Sytem_Enhancement/traffic_system_7_seg/traffic_counter_display.sv Line: 4
    Info (12023): Found entity 2: four_digit_display_formatter File: /home/bui-khanh-hoang/Desktop/Traffic_Light_Sytem_Enhancement/traffic_system_7_seg/traffic_counter_display.sv Line: 34
    Info (12023): Found entity 3: traffic_density_display File: /home/bui-khanh-hoang/Desktop/Traffic_Light_Sytem_Enhancement/traffic_system_7_seg/traffic_counter_display.sv Line: 118
    Info (12023): Found entity 4: directional_counter_display File: /home/bui-khanh-hoang/Desktop/Traffic_Light_Sytem_Enhancement/traffic_system_7_seg/traffic_counter_display.sv Line: 184
    Info (12023): Found entity 5: statistics_display_formatter File: /home/bui-khanh-hoang/Desktop/Traffic_Light_Sytem_Enhancement/traffic_system_7_seg/traffic_counter_display.sv Line: 297
    Info (12023): Found entity 6: traffic_counter_lcd_display File: /home/bui-khanh-hoang/Desktop/Traffic_Light_Sytem_Enhancement/traffic_system_7_seg/traffic_counter_display.sv Line: 366
    Info (12023): Found entity 7: led_bar_graph_display File: /home/bui-khanh-hoang/Desktop/Traffic_Light_Sytem_Enhancement/traffic_system_7_seg/traffic_counter_display.sv Line: 440
Info (12021): Found 5 design units, including 5 entities, in source file utility_modules.sv
    Info (12023): Found entity 1: button_debouncer File: /home/bui-khanh-hoang/Desktop/Traffic_Light_Sytem_Enhancement/traffic_system_7_seg/utility_modules.sv Line: 5
    Info (12023): Found entity 2: edge_detector_rising File: /home/bui-khanh-hoang/Desktop/Traffic_Light_Sytem_Enhancement/traffic_system_7_seg/utility_modules.sv Line: 60
    Info (12023): Found entity 3: edge_detector_falling File: /home/bui-khanh-hoang/Desktop/Traffic_Light_Sytem_Enhancement/traffic_system_7_seg/utility_modules.sv Line: 82
    Info (12023): Found entity 4: synchronizer File: /home/bui-khanh-hoang/Desktop/Traffic_Light_Sytem_Enhancement/traffic_system_7_seg/utility_modules.sv Line: 104
    Info (12023): Found entity 5: pulse_generator File: /home/bui-khanh-hoang/Desktop/Traffic_Light_Sytem_Enhancement/traffic_system_7_seg/utility_modules.sv Line: 128
Info (12021): Found 1 design units, including 1 entities, in source file traffic_light_controller.sv
    Info (12023): Found entity 1: traffic_light_controller File: /home/bui-khanh-hoang/Desktop/Traffic_Light_Sytem_Enhancement/traffic_system_7_seg/traffic_light_controller.sv Line: 5
Info (12021): Found 2 design units, including 2 entities, in source file pedestrian_crossing.sv
    Info (12023): Found entity 1: pedestrian_crossing_controller File: /home/bui-khanh-hoang/Desktop/Traffic_Light_Sytem_Enhancement/traffic_system_7_seg/pedestrian_crossing.sv Line: 4
    Info (12023): Found entity 2: adaptive_traffic_controller File: /home/bui-khanh-hoang/Desktop/Traffic_Light_Sytem_Enhancement/traffic_system_7_seg/pedestrian_crossing.sv Line: 146
Info (12021): Found 1 design units, including 1 entities, in source file complete_system_example.sv
    Info (12023): Found entity 1: complete_traffic_system_example File: /home/bui-khanh-hoang/Desktop/Traffic_Light_Sytem_Enhancement/traffic_system_7_seg/complete_system_example.sv Line: 4
Info (12021): Found 1 design units, including 1 entities, in source file top_traffic_system.sv
    Info (12023): Found entity 1: top_traffic_system File: /home/bui-khanh-hoang/Desktop/Traffic_Light_Sytem_Enhancement/traffic_system_7_seg/top_traffic_system.sv Line: 4
Info (12021): Found 1 design units, including 0 entities, in source file traffic_light_pkg.sv
    Info (12022): Found design unit 1: traffic_light_pkg (SystemVerilog) File: /home/bui-khanh-hoang/Desktop/Traffic_Light_Sytem_Enhancement/traffic_system_7_seg/traffic_light_pkg.sv Line: 3
Info (12021): Found 2 design units, including 2 entities, in source file seven_segment_decoder.sv
    Info (12023): Found entity 1: seven_segment_decoder File: /home/bui-khanh-hoang/Desktop/Traffic_Light_Sytem_Enhancement/traffic_system_7_seg/seven_segment_decoder.sv Line: 4
    Info (12023): Found entity 2: seven_segment_driver File: /home/bui-khanh-hoang/Desktop/Traffic_Light_Sytem_Enhancement/traffic_system_7_seg/seven_segment_decoder.sv Line: 40
Info (12021): Found 2 design units, including 2 entities, in source file multi_lane_intersection.sv
    Info (12023): Found entity 1: multi_lane_intersection File: /home/bui-khanh-hoang/Desktop/Traffic_Light_Sytem_Enhancement/traffic_system_7_seg/multi_lane_intersection.sv Line: 4
    Info (12023): Found entity 2: emergency_override File: /home/bui-khanh-hoang/Desktop/Traffic_Light_Sytem_Enhancement/traffic_system_7_seg/multi_lane_intersection.sv Line: 139
Info (12021): Found 3 design units, including 3 entities, in source file counter.sv
    Info (12023): Found entity 1: counter File: /home/bui-khanh-hoang/Desktop/Traffic_Light_Sytem_Enhancement/traffic_system_7_seg/counter.sv Line: 4
    Info (12023): Found entity 2: freq_divider File: /home/bui-khanh-hoang/Desktop/Traffic_Light_Sytem_Enhancement/traffic_system_7_seg/counter.sv Line: 41
    Info (12023): Found entity 3: pwm_controller File: /home/bui-khanh-hoang/Desktop/Traffic_Light_Sytem_Enhancement/traffic_system_7_seg/counter.sv Line: 71
Info (12021): Found 0 design units, including 0 entities, in source file BUILD_GUIDE.sv
Info (12021): Found 1 design units, including 1 entities, in source file traffic_system_interface.sv
    Info (12023): Found entity 1: traffic_system_interface File: /home/bui-khanh-hoang/Desktop/Traffic_Light_Sytem_Enhancement/traffic_system_7_seg/traffic_system_interface.sv Line: 4
Info (12021): Found 1 design units, including 1 entities, in source file tb_traffic_system.sv
    Info (12023): Found entity 1: tb_traffic_system File: /home/bui-khanh-hoang/Desktop/Traffic_Light_Sytem_Enhancement/traffic_system_7_seg/tb_traffic_system.sv Line: 6
Info (12127): Elaborating entity "top_traffic_system" for the top level hierarchy
Info (12128): Elaborating entity "traffic_light_controller" for hierarchy "traffic_light_controller:main_controller" File: /home/bui-khanh-hoang/Desktop/Traffic_Light_Sytem_Enhancement/traffic_system_7_seg/top_traffic_system.sv Line: 71
Warning (10270): Verilog HDL Case Statement warning at traffic_light_controller.sv(46): incomplete case statement has no default case item File: /home/bui-khanh-hoang/Desktop/Traffic_Light_Sytem_Enhancement/traffic_system_7_seg/traffic_light_controller.sv Line: 46
Warning (10270): Verilog HDL Case Statement warning at traffic_light_controller.sv(71): incomplete case statement has no default case item File: /home/bui-khanh-hoang/Desktop/Traffic_Light_Sytem_Enhancement/traffic_system_7_seg/traffic_light_controller.sv Line: 71
Warning (10240): Verilog HDL Always Construct warning at traffic_light_controller.sv(67): inferring latch(es) for variable "state_duration", which holds its previous value in one or more paths through the always construct File: /home/bui-khanh-hoang/Desktop/Traffic_Light_Sytem_Enhancement/traffic_system_7_seg/traffic_light_controller.sv Line: 67
Warning (10230): Verilog HDL assignment warning at traffic_light_controller.sv(93): truncated value with size 32 to match size of target (8) File: /home/bui-khanh-hoang/Desktop/Traffic_Light_Sytem_Enhancement/traffic_system_7_seg/traffic_light_controller.sv Line: 93
Info (10041): Inferred latch for "state_duration[0]" at traffic_light_controller.sv(67) File: /home/bui-khanh-hoang/Desktop/Traffic_Light_Sytem_Enhancement/traffic_system_7_seg/traffic_light_controller.sv Line: 67
Info (10041): Inferred latch for "state_duration[1]" at traffic_light_controller.sv(67) File: /home/bui-khanh-hoang/Desktop/Traffic_Light_Sytem_Enhancement/traffic_system_7_seg/traffic_light_controller.sv Line: 67
Info (10041): Inferred latch for "state_duration[2]" at traffic_light_controller.sv(67) File: /home/bui-khanh-hoang/Desktop/Traffic_Light_Sytem_Enhancement/traffic_system_7_seg/traffic_light_controller.sv Line: 67
Info (10041): Inferred latch for "state_duration[3]" at traffic_light_controller.sv(67) File: /home/bui-khanh-hoang/Desktop/Traffic_Light_Sytem_Enhancement/traffic_system_7_seg/traffic_light_controller.sv Line: 67
Info (10041): Inferred latch for "state_duration[4]" at traffic_light_controller.sv(67) File: /home/bui-khanh-hoang/Desktop/Traffic_Light_Sytem_Enhancement/traffic_system_7_seg/traffic_light_controller.sv Line: 67
Info (10041): Inferred latch for "state_duration[5]" at traffic_light_controller.sv(67) File: /home/bui-khanh-hoang/Desktop/Traffic_Light_Sytem_Enhancement/traffic_system_7_seg/traffic_light_controller.sv Line: 67
Info (10041): Inferred latch for "state_duration[6]" at traffic_light_controller.sv(67) File: /home/bui-khanh-hoang/Desktop/Traffic_Light_Sytem_Enhancement/traffic_system_7_seg/traffic_light_controller.sv Line: 67
Info (10041): Inferred latch for "state_duration[7]" at traffic_light_controller.sv(67) File: /home/bui-khanh-hoang/Desktop/Traffic_Light_Sytem_Enhancement/traffic_system_7_seg/traffic_light_controller.sv Line: 67
Info (10041): Inferred latch for "state_duration[8]" at traffic_light_controller.sv(67) File: /home/bui-khanh-hoang/Desktop/Traffic_Light_Sytem_Enhancement/traffic_system_7_seg/traffic_light_controller.sv Line: 67
Info (10041): Inferred latch for "state_duration[9]" at traffic_light_controller.sv(67) File: /home/bui-khanh-hoang/Desktop/Traffic_Light_Sytem_Enhancement/traffic_system_7_seg/traffic_light_controller.sv Line: 67
Info (10041): Inferred latch for "state_duration[10]" at traffic_light_controller.sv(67) File: /home/bui-khanh-hoang/Desktop/Traffic_Light_Sytem_Enhancement/traffic_system_7_seg/traffic_light_controller.sv Line: 67
Info (10041): Inferred latch for "state_duration[11]" at traffic_light_controller.sv(67) File: /home/bui-khanh-hoang/Desktop/Traffic_Light_Sytem_Enhancement/traffic_system_7_seg/traffic_light_controller.sv Line: 67
Info (10041): Inferred latch for "state_duration[12]" at traffic_light_controller.sv(67) File: /home/bui-khanh-hoang/Desktop/Traffic_Light_Sytem_Enhancement/traffic_system_7_seg/traffic_light_controller.sv Line: 67
Info (10041): Inferred latch for "state_duration[13]" at traffic_light_controller.sv(67) File: /home/bui-khanh-hoang/Desktop/Traffic_Light_Sytem_Enhancement/traffic_system_7_seg/traffic_light_controller.sv Line: 67
Info (10041): Inferred latch for "state_duration[14]" at traffic_light_controller.sv(67) File: /home/bui-khanh-hoang/Desktop/Traffic_Light_Sytem_Enhancement/traffic_system_7_seg/traffic_light_controller.sv Line: 67
Info (10041): Inferred latch for "state_duration[15]" at traffic_light_controller.sv(67) File: /home/bui-khanh-hoang/Desktop/Traffic_Light_Sytem_Enhancement/traffic_system_7_seg/traffic_light_controller.sv Line: 67
Info (10041): Inferred latch for "state_duration[16]" at traffic_light_controller.sv(67) File: /home/bui-khanh-hoang/Desktop/Traffic_Light_Sytem_Enhancement/traffic_system_7_seg/traffic_light_controller.sv Line: 67
Info (10041): Inferred latch for "state_duration[17]" at traffic_light_controller.sv(67) File: /home/bui-khanh-hoang/Desktop/Traffic_Light_Sytem_Enhancement/traffic_system_7_seg/traffic_light_controller.sv Line: 67
Info (10041): Inferred latch for "state_duration[18]" at traffic_light_controller.sv(67) File: /home/bui-khanh-hoang/Desktop/Traffic_Light_Sytem_Enhancement/traffic_system_7_seg/traffic_light_controller.sv Line: 67
Info (10041): Inferred latch for "state_duration[19]" at traffic_light_controller.sv(67) File: /home/bui-khanh-hoang/Desktop/Traffic_Light_Sytem_Enhancement/traffic_system_7_seg/traffic_light_controller.sv Line: 67
Info (10041): Inferred latch for "state_duration[20]" at traffic_light_controller.sv(67) File: /home/bui-khanh-hoang/Desktop/Traffic_Light_Sytem_Enhancement/traffic_system_7_seg/traffic_light_controller.sv Line: 67
Info (10041): Inferred latch for "state_duration[21]" at traffic_light_controller.sv(67) File: /home/bui-khanh-hoang/Desktop/Traffic_Light_Sytem_Enhancement/traffic_system_7_seg/traffic_light_controller.sv Line: 67
Info (10041): Inferred latch for "state_duration[22]" at traffic_light_controller.sv(67) File: /home/bui-khanh-hoang/Desktop/Traffic_Light_Sytem_Enhancement/traffic_system_7_seg/traffic_light_controller.sv Line: 67
Info (10041): Inferred latch for "state_duration[23]" at traffic_light_controller.sv(67) File: /home/bui-khanh-hoang/Desktop/Traffic_Light_Sytem_Enhancement/traffic_system_7_seg/traffic_light_controller.sv Line: 67
Info (10041): Inferred latch for "state_duration[24]" at traffic_light_controller.sv(67) File: /home/bui-khanh-hoang/Desktop/Traffic_Light_Sytem_Enhancement/traffic_system_7_seg/traffic_light_controller.sv Line: 67
Info (10041): Inferred latch for "state_duration[25]" at traffic_light_controller.sv(67) File: /home/bui-khanh-hoang/Desktop/Traffic_Light_Sytem_Enhancement/traffic_system_7_seg/traffic_light_controller.sv Line: 67
Info (10041): Inferred latch for "state_duration[26]" at traffic_light_controller.sv(67) File: /home/bui-khanh-hoang/Desktop/Traffic_Light_Sytem_Enhancement/traffic_system_7_seg/traffic_light_controller.sv Line: 67
Info (10041): Inferred latch for "state_duration[27]" at traffic_light_controller.sv(67) File: /home/bui-khanh-hoang/Desktop/Traffic_Light_Sytem_Enhancement/traffic_system_7_seg/traffic_light_controller.sv Line: 67
Info (10041): Inferred latch for "state_duration[28]" at traffic_light_controller.sv(67) File: /home/bui-khanh-hoang/Desktop/Traffic_Light_Sytem_Enhancement/traffic_system_7_seg/traffic_light_controller.sv Line: 67
Info (10041): Inferred latch for "state_duration[29]" at traffic_light_controller.sv(67) File: /home/bui-khanh-hoang/Desktop/Traffic_Light_Sytem_Enhancement/traffic_system_7_seg/traffic_light_controller.sv Line: 67
Info (10041): Inferred latch for "state_duration[30]" at traffic_light_controller.sv(67) File: /home/bui-khanh-hoang/Desktop/Traffic_Light_Sytem_Enhancement/traffic_system_7_seg/traffic_light_controller.sv Line: 67
Info (10041): Inferred latch for "state_duration[31]" at traffic_light_controller.sv(67) File: /home/bui-khanh-hoang/Desktop/Traffic_Light_Sytem_Enhancement/traffic_system_7_seg/traffic_light_controller.sv Line: 67
Info (12128): Elaborating entity "seven_segment_driver" for hierarchy "seven_segment_driver:seg_mux" File: /home/bui-khanh-hoang/Desktop/Traffic_Light_Sytem_Enhancement/traffic_system_7_seg/top_traffic_system.sv Line: 84
Info (278001): Inferred 4 megafunctions from design logic
    Info (278004): Inferred divider/modulo megafunction ("lpm_divide") from the following logic: "traffic_light_controller:main_controller|Mod0" File: /home/bui-khanh-hoang/Desktop/Traffic_Light_Sytem_Enhancement/traffic_system_7_seg/traffic_light_controller.sv Line: 99
    Info (278004): Inferred divider/modulo megafunction ("lpm_divide") from the following logic: "traffic_light_controller:main_controller|Div1" File: /home/bui-khanh-hoang/Desktop/Traffic_Light_Sytem_Enhancement/traffic_system_7_seg/traffic_light_controller.sv Line: 100
    Info (278004): Inferred divider/modulo megafunction ("lpm_divide") from the following logic: "traffic_light_controller:main_controller|Div0" File: /home/bui-khanh-hoang/Desktop/Traffic_Light_Sytem_Enhancement/traffic_system_7_seg/traffic_light_controller.sv Line: 93
    Info (278003): Inferred multiplier megafunction ("lpm_mult") from the following logic: "traffic_light_controller:main_controller|Mult0" File: /home/bui-khanh-hoang/Desktop/Traffic_Light_Sytem_Enhancement/traffic_system_7_seg/traffic_light_controller.sv Line: 58
Info (12130): Elaborated megafunction instantiation "traffic_light_controller:main_controller|lpm_divide:Mod0" File: /home/bui-khanh-hoang/Desktop/Traffic_Light_Sytem_Enhancement/traffic_system_7_seg/traffic_light_controller.sv Line: 99
Info (12133): Instantiated megafunction "traffic_light_controller:main_controller|lpm_divide:Mod0" with the following parameter: File: /home/bui-khanh-hoang/Desktop/Traffic_Light_Sytem_Enhancement/traffic_system_7_seg/traffic_light_controller.sv Line: 99
    Info (12134): Parameter "LPM_WIDTHN" = "8"
    Info (12134): Parameter "LPM_WIDTHD" = "4"
    Info (12134): Parameter "LPM_NREPRESENTATION" = "UNSIGNED"
    Info (12134): Parameter "LPM_DREPRESENTATION" = "UNSIGNED"
Info (12021): Found 1 design units, including 1 entities, in source file db/lpm_divide_m9m.tdf
    Info (12023): Found entity 1: lpm_divide_m9m File: /home/bui-khanh-hoang/Desktop/Traffic_Light_Sytem_Enhancement/traffic_system_7_seg/db/lpm_divide_m9m.tdf Line: 25
Info (12021): Found 1 design units, including 1 entities, in source file db/sign_div_unsign_bkh.tdf
    Info (12023): Found entity 1: sign_div_unsign_bkh File: /home/bui-khanh-hoang/Desktop/Traffic_Light_Sytem_Enhancement/traffic_system_7_seg/db/sign_div_unsign_bkh.tdf Line: 25
Info (12021): Found 1 design units, including 1 entities, in source file db/alt_u_div_a4f.tdf
    Info (12023): Found entity 1: alt_u_div_a4f File: /home/bui-khanh-hoang/Desktop/Traffic_Light_Sytem_Enhancement/traffic_system_7_seg/db/alt_u_div_a4f.tdf Line: 27
Info (12021): Found 1 design units, including 1 entities, in source file db/add_sub_7pc.tdf
    Info (12023): Found entity 1: add_sub_7pc File: /home/bui-khanh-hoang/Desktop/Traffic_Light_Sytem_Enhancement/traffic_system_7_seg/db/add_sub_7pc.tdf Line: 23
Info (12021): Found 1 design units, including 1 entities, in source file db/add_sub_8pc.tdf
    Info (12023): Found entity 1: add_sub_8pc File: /home/bui-khanh-hoang/Desktop/Traffic_Light_Sytem_Enhancement/traffic_system_7_seg/db/add_sub_8pc.tdf Line: 23
Info (12130): Elaborated megafunction instantiation "traffic_light_controller:main_controller|lpm_divide:Div1" File: /home/bui-khanh-hoang/Desktop/Traffic_Light_Sytem_Enhancement/traffic_system_7_seg/traffic_light_controller.sv Line: 100
Info (12133): Instantiated megafunction "traffic_light_controller:main_controller|lpm_divide:Div1" with the following parameter: File: /home/bui-khanh-hoang/Desktop/Traffic_Light_Sytem_Enhancement/traffic_system_7_seg/traffic_light_controller.sv Line: 100
    Info (12134): Parameter "LPM_WIDTHN" = "8"
    Info (12134): Parameter "LPM_WIDTHD" = "4"
    Info (12134): Parameter "LPM_NREPRESENTATION" = "UNSIGNED"
    Info (12134): Parameter "LPM_DREPRESENTATION" = "UNSIGNED"
Info (12021): Found 1 design units, including 1 entities, in source file db/lpm_divide_jhm.tdf
    Info (12023): Found entity 1: lpm_divide_jhm File: /home/bui-khanh-hoang/Desktop/Traffic_Light_Sytem_Enhancement/traffic_system_7_seg/db/lpm_divide_jhm.tdf Line: 25
Info (12130): Elaborated megafunction instantiation "traffic_light_controller:main_controller|lpm_divide:Div0" File: /home/bui-khanh-hoang/Desktop/Traffic_Light_Sytem_Enhancement/traffic_system_7_seg/traffic_light_controller.sv Line: 93
Info (12133): Instantiated megafunction "traffic_light_controller:main_controller|lpm_divide:Div0" with the following parameter: File: /home/bui-khanh-hoang/Desktop/Traffic_Light_Sytem_Enhancement/traffic_system_7_seg/traffic_light_controller.sv Line: 93
    Info (12134): Parameter "LPM_WIDTHN" = "32"
    Info (12134): Parameter "LPM_WIDTHD" = "20"
    Info (12134): Parameter "LPM_NREPRESENTATION" = "UNSIGNED"
    Info (12134): Parameter "LPM_DREPRESENTATION" = "UNSIGNED"
Info (12021): Found 1 design units, including 1 entities, in source file db/lpm_divide_ekm.tdf
    Info (12023): Found entity 1: lpm_divide_ekm File: /home/bui-khanh-hoang/Desktop/Traffic_Light_Sytem_Enhancement/traffic_system_7_seg/db/lpm_divide_ekm.tdf Line: 25
Info (12021): Found 1 design units, including 1 entities, in source file db/sign_div_unsign_6nh.tdf
    Info (12023): Found entity 1: sign_div_unsign_6nh File: /home/bui-khanh-hoang/Desktop/Traffic_Light_Sytem_Enhancement/traffic_system_7_seg/db/sign_div_unsign_6nh.tdf Line: 25
Info (12021): Found 1 design units, including 1 entities, in source file db/alt_u_div_0af.tdf
    Info (12023): Found entity 1: alt_u_div_0af File: /home/bui-khanh-hoang/Desktop/Traffic_Light_Sytem_Enhancement/traffic_system_7_seg/db/alt_u_div_0af.tdf Line: 27
Info (12130): Elaborated megafunction instantiation "traffic_light_controller:main_controller|lpm_mult:Mult0" File: /home/bui-khanh-hoang/Desktop/Traffic_Light_Sytem_Enhancement/traffic_system_7_seg/traffic_light_controller.sv Line: 58
Info (12133): Instantiated megafunction "traffic_light_controller:main_controller|lpm_mult:Mult0" with the following parameter: File: /home/bui-khanh-hoang/Desktop/Traffic_Light_Sytem_Enhancement/traffic_system_7_seg/traffic_light_controller.sv Line: 58
    Info (12134): Parameter "LPM_WIDTHA" = "5"
    Info (12134): Parameter "LPM_WIDTHB" = "20"
    Info (12134): Parameter "LPM_WIDTHP" = "25"
    Info (12134): Parameter "LPM_WIDTHR" = "25"
    Info (12134): Parameter "LPM_WIDTHS" = "1"
    Info (12134): Parameter "LPM_REPRESENTATION" = "UNSIGNED"
    Info (12134): Parameter "INPUT_A_IS_CONSTANT" = "NO"
    Info (12134): Parameter "INPUT_B_IS_CONSTANT" = "YES"
    Info (12134): Parameter "MAXIMIZE_SPEED" = "5"
Info (12131): Elaborated megafunction instantiation "traffic_light_controller:main_controller|lpm_mult:Mult0|multcore:mult_core", which is child of megafunction instantiation "traffic_light_controller:main_controller|lpm_mult:Mult0" File: /home/bui-khanh-hoang/intelQuartus/quartus/libraries/megafunctions/lpm_mult.tdf Line: 309
Info (12131): Elaborated megafunction instantiation "traffic_light_controller:main_controller|lpm_mult:Mult0|multcore:mult_core|mpar_add:padder", which is child of megafunction instantiation "traffic_light_controller:main_controller|lpm_mult:Mult0" File: /home/bui-khanh-hoang/intelQuartus/quartus/libraries/megafunctions/multcore.tdf Line: 229
Info (12131): Elaborated megafunction instantiation "traffic_light_controller:main_controller|lpm_mult:Mult0|multcore:mult_core|mpar_add:padder|lpm_add_sub:adder[0]", which is child of megafunction instantiation "traffic_light_controller:main_controller|lpm_mult:Mult0" File: /home/bui-khanh-hoang/intelQuartus/quartus/libraries/megafunctions/mpar_add.tdf Line: 78
Info (12021): Found 1 design units, including 1 entities, in source file db/add_sub_ogh.tdf
    Info (12023): Found entity 1: add_sub_ogh File: /home/bui-khanh-hoang/Desktop/Traffic_Light_Sytem_Enhancement/traffic_system_7_seg/db/add_sub_ogh.tdf Line: 23
Info (12131): Elaborated megafunction instantiation "traffic_light_controller:main_controller|lpm_mult:Mult0|altshift:external_latency_ffs", which is child of megafunction instantiation "traffic_light_controller:main_controller|lpm_mult:Mult0" File: /home/bui-khanh-hoang/intelQuartus/quartus/libraries/megafunctions/lpm_mult.tdf Line: 352
Warning (12241): 1 hierarchies have connectivity warnings - see the Connectivity Checks report folder
Info (13025): Duplicate LATCH primitives merged into single LATCH primitive
    Info (13026): Duplicate LATCH primitive "traffic_light_controller:main_controller|state_duration[4]" merged with LATCH primitive "traffic_light_controller:main_controller|state_duration[3]" File: /home/bui-khanh-hoang/Desktop/Traffic_Light_Sytem_Enhancement/traffic_system_7_seg/traffic_light_controller.sv Line: 67
Warning (13012): Latch traffic_light_controller:main_controller|state_duration[3] has unsafe behavior File: /home/bui-khanh-hoang/Desktop/Traffic_Light_Sytem_Enhancement/traffic_system_7_seg/traffic_light_controller.sv Line: 67
    Warning (13013): Ports D and ENA on the latch are fed by the same signal traffic_light_controller:main_controller|state[1] File: /home/bui-khanh-hoang/Desktop/Traffic_Light_Sytem_Enhancement/traffic_system_7_seg/traffic_light_controller.sv Line: 38
Warning (13012): Latch traffic_light_controller:main_controller|state_duration[2] has unsafe behavior File: /home/bui-khanh-hoang/Desktop/Traffic_Light_Sytem_Enhancement/traffic_system_7_seg/traffic_light_controller.sv Line: 67
    Warning (13013): Ports D and ENA on the latch are fed by the same signal traffic_light_controller:main_controller|state[0] File: /home/bui-khanh-hoang/Desktop/Traffic_Light_Sytem_Enhancement/traffic_system_7_seg/traffic_light_controller.sv Line: 38
Warning (13012): Latch traffic_light_controller:main_controller|state_duration[1] has unsafe behavior File: /home/bui-khanh-hoang/Desktop/Traffic_Light_Sytem_Enhancement/traffic_system_7_seg/traffic_light_controller.sv Line: 67
    Warning (13013): Ports D and ENA on the latch are fed by the same signal traffic_light_controller:main_controller|state[1] File: /home/bui-khanh-hoang/Desktop/Traffic_Light_Sytem_Enhancement/traffic_system_7_seg/traffic_light_controller.sv Line: 38
Warning (13012): Latch traffic_light_controller:main_controller|state_duration[0] has unsafe behavior File: /home/bui-khanh-hoang/Desktop/Traffic_Light_Sytem_Enhancement/traffic_system_7_seg/traffic_light_controller.sv Line: 67
    Warning (13013): Ports D and ENA on the latch are fed by the same signal traffic_light_controller:main_controller|state[1] File: /home/bui-khanh-hoang/Desktop/Traffic_Light_Sytem_Enhancement/traffic_system_7_seg/traffic_light_controller.sv Line: 38
Warning (13024): Output pins are stuck at VCC or GND
    Warning (13410): Pin "system_ready" is stuck at VCC File: /home/bui-khanh-hoang/Desktop/Traffic_Light_Sytem_Enhancement/traffic_system_7_seg/top_traffic_system.sv Line: 35
Info (286030): Timing-Driven Synthesis is running
Info (144001): Generated suppressed messages file /home/bui-khanh-hoang/Desktop/Traffic_Light_Sytem_Enhancement/traffic_system_7_seg/output_files/traffic_counter_display.map.smsg
Info (16010): Generating hard_block partition "hard_block:auto_generated_inst"
    Info (16011): Adding 0 node(s), including 0 DDIO, 0 PLL, 0 transceiver and 0 LCELL
Warning (21074): Design contains 2 input pin(s) that do not drive logic
    Warning (15610): No output dependent on input pin "manual_state_sel[0]" File: /home/bui-khanh-hoang/Desktop/Traffic_Light_Sytem_Enhancement/traffic_system_7_seg/top_traffic_system.sv Line: 17
    Warning (15610): No output dependent on input pin "manual_state_sel[1]" File: /home/bui-khanh-hoang/Desktop/Traffic_Light_Sytem_Enhancement/traffic_system_7_seg/top_traffic_system.sv Line: 17
Info (21057): Implemented 1010 device resources after synthesis - the final resource count might be different
    Info (21058): Implemented 7 input pins
    Info (21059): Implemented 23 output pins
    Info (21061): Implemented 980 logic cells
Info: Quartus Prime Analysis & Synthesis was successful. 0 errors, 19 warnings
    Info: Peak virtual memory: 444 megabytes
    Info: Processing ended: Fri Mar  6 11:34:09 2026
    Info: Elapsed time: 00:00:10
    Info: Total CPU time (on all processors): 00:00:22


+------------------------------------------+
; Analysis & Synthesis Suppressed Messages ;
+------------------------------------------+
The suppressed messages can be found in /home/bui-khanh-hoang/Desktop/Traffic_Light_Sytem_Enhancement/traffic_system_7_seg/output_files/traffic_counter_display.map.smsg.


