Analysis & Synthesis report for Traffic_control_automate
Thu Apr  9 08:51:05 2026
Quartus Prime Version 20.1.0 Build 711 06/05/2020 SJ Lite Edition


---------------------
; Table of Contents ;
---------------------
  1. Legal Notice
  2. Analysis & Synthesis Summary
  3. Analysis & Synthesis Settings
  4. Parallel Compilation
  5. Analysis & Synthesis Source Files Read
  6. Analysis & Synthesis Resource Usage Summary
  7. Analysis & Synthesis Resource Utilization by Entity
  8. State Machine - |traffic_light_top|traffic_fsm:u_fsm|state
  9. Registers Removed During Synthesis
 10. Removed Registers Triggering Further Register Optimizations
 11. General Register Statistics
 12. Multiplexer Restructuring Statistics (Restructuring Performed)
 13. Parameter Settings for User Entity Instance: clk_div:u_clk_div
 14. Parameter Settings for User Entity Instance: traffic_fsm:u_fsm
 15. Post-Synthesis Netlist Statistics for Top Partition
 16. Elapsed Time Per Partition
 17. Analysis & Synthesis Messages



----------------
; Legal Notice ;
----------------
Copyright (C) 2020  Intel Corporation. All rights reserved.
Your use of Intel Corporation's design tools, logic functions 
and other software and tools, and any partner logic 
functions, and any output files from any of the foregoing 
(including device programming or simulation files), and any 
associated documentation or information are expressly subject 
to the terms and conditions of the Intel Program License 
Subscription Agreement, the Intel Quartus Prime License Agreement,
the Intel FPGA IP License Agreement, or other applicable license
agreement, including, without limitation, that your use is for
the sole purpose of programming logic devices manufactured by
Intel and sold by Intel or its authorized distributors.  Please
refer to the applicable agreement for further details, at
https://fpgasoftware.intel.com/eula.



+----------------------------------------------------------------------------------+
; Analysis & Synthesis Summary                                                     ;
+------------------------------------+---------------------------------------------+
; Analysis & Synthesis Status        ; Successful - Thu Apr  9 08:51:05 2026       ;
; Quartus Prime Version              ; 20.1.0 Build 711 06/05/2020 SJ Lite Edition ;
; Revision Name                      ; Traffic_control_automate                    ;
; Top-level Entity Name              ; traffic_light_top                           ;
; Family                             ; Cyclone IV E                                ;
; Total logic elements               ; 75                                          ;
;     Total combinational functions  ; 63                                          ;
;     Dedicated logic registers      ; 43                                          ;
; Total registers                    ; 43                                          ;
; Total pins                         ; 31                                          ;
; Total virtual pins                 ; 0                                           ;
; Total memory bits                  ; 0                                           ;
; Embedded Multiplier 9-bit elements ; 0                                           ;
; Total PLLs                         ; 0                                           ;
+------------------------------------+---------------------------------------------+


+------------------------------------------------------------------------------------------------------------------+
; Analysis & Synthesis Settings                                                                                    ;
+------------------------------------------------------------------+--------------------+--------------------------+
; Option                                                           ; Setting            ; Default Value            ;
+------------------------------------------------------------------+--------------------+--------------------------+
; Device                                                           ; EP4CE6E22C8        ;                          ;
; Top-level entity name                                            ; traffic_light_top  ; Traffic_control_automate ;
; Family name                                                      ; Cyclone IV E       ; Cyclone V                ;
; Use smart compilation                                            ; Off                ; Off                      ;
; Enable parallel Assembler and Timing Analyzer during compilation ; On                 ; On                       ;
; Enable compact report table                                      ; Off                ; Off                      ;
; Restructure Multiplexers                                         ; Auto               ; Auto                     ;
; Create Debugging Nodes for IP Cores                              ; Off                ; Off                      ;
; Preserve fewer node names                                        ; On                 ; On                       ;
; Intel FPGA IP Evaluation Mode                                    ; Enable             ; Enable                   ;
; Verilog Version                                                  ; Verilog_2001       ; Verilog_2001             ;
; VHDL Version                                                     ; VHDL_1993          ; VHDL_1993                ;
; State Machine Processing                                         ; Auto               ; Auto                     ;
; Safe State Machine                                               ; Off                ; Off                      ;
; Extract Verilog State Machines                                   ; On                 ; On                       ;
; Extract VHDL State Machines                                      ; On                 ; On                       ;
; Ignore Verilog initial constructs                                ; Off                ; Off                      ;
; Iteration limit for constant Verilog loops                       ; 5000               ; 5000                     ;
; Iteration limit for non-constant Verilog loops                   ; 250                ; 250                      ;
; Add Pass-Through Logic to Inferred RAMs                          ; On                 ; On                       ;
; Infer RAMs from Raw Logic                                        ; On                 ; On                       ;
; Parallel Synthesis                                               ; On                 ; On                       ;
; DSP Block Balancing                                              ; Auto               ; Auto                     ;
; NOT Gate Push-Back                                               ; On                 ; On                       ;
; Power-Up Don't Care                                              ; On                 ; On                       ;
; Remove Redundant Logic Cells                                     ; Off                ; Off                      ;
; Remove Duplicate Registers                                       ; On                 ; On                       ;
; Ignore CARRY Buffers                                             ; Off                ; Off                      ;
; Ignore CASCADE Buffers                                           ; Off                ; Off                      ;
; Ignore GLOBAL Buffers                                            ; Off                ; Off                      ;
; Ignore ROW GLOBAL Buffers                                        ; Off                ; Off                      ;
; Ignore LCELL Buffers                                             ; Off                ; Off                      ;
; Ignore SOFT Buffers                                              ; On                 ; On                       ;
; Limit AHDL Integers to 32 Bits                                   ; Off                ; Off                      ;
; Optimization Technique                                           ; Balanced           ; Balanced                 ;
; Carry Chain Length                                               ; 70                 ; 70                       ;
; Auto Carry Chains                                                ; On                 ; On                       ;
; Auto Open-Drain Pins                                             ; On                 ; On                       ;
; Perform WYSIWYG Primitive Resynthesis                            ; Off                ; Off                      ;
; Auto ROM Replacement                                             ; On                 ; On                       ;
; Auto RAM Replacement                                             ; On                 ; On                       ;
; Auto DSP Block Replacement                                       ; On                 ; On                       ;
; Auto Shift Register Replacement                                  ; Auto               ; Auto                     ;
; Allow Shift Register Merging across Hierarchies                  ; Auto               ; Auto                     ;
; Auto Clock Enable Replacement                                    ; On                 ; On                       ;
; Strict RAM Replacement                                           ; Off                ; Off                      ;
; Allow Synchronous Control Signals                                ; On                 ; On                       ;
; Force Use of Synchronous Clear Signals                           ; Off                ; Off                      ;
; Auto RAM Block Balancing                                         ; On                 ; On                       ;
; Auto RAM to Logic Cell Conversion                                ; Off                ; Off                      ;
; Auto Resource Sharing                                            ; Off                ; Off                      ;
; Allow Any RAM Size For Recognition                               ; Off                ; Off                      ;
; Allow Any ROM Size For Recognition                               ; Off                ; Off                      ;
; Allow Any Shift Register Size For Recognition                    ; Off                ; Off                      ;
; Use LogicLock Constraints during Resource Balancing              ; On                 ; On                       ;
; Ignore translate_off and synthesis_off directives                ; Off                ; Off                      ;
; Timing-Driven Synthesis                                          ; On                 ; On                       ;
; Report Parameter Settings                                        ; On                 ; On                       ;
; Report Source Assignments                                        ; On                 ; On                       ;
; Report Connectivity Checks                                       ; On                 ; On                       ;
; Ignore Maximum Fan-Out Assignments                               ; Off                ; Off                      ;
; Synchronization Register Chain Length                            ; 2                  ; 2                        ;
; Power Optimization During Synthesis                              ; Normal compilation ; Normal compilation       ;
; HDL message level                                                ; Level2             ; Level2                   ;
; Suppress Register Optimization Related Messages                  ; Off                ; Off                      ;
; Number of Removed Registers Reported in Synthesis Report         ; 5000               ; 5000                     ;
; Number of Swept Nodes Reported in Synthesis Report               ; 5000               ; 5000                     ;
; Number of Inverted Registers Reported in Synthesis Report        ; 100                ; 100                      ;
; Clock MUX Protection                                             ; On                 ; On                       ;
; Auto Gated Clock Conversion                                      ; Off                ; Off                      ;
; Block Design Naming                                              ; Auto               ; Auto                     ;
; SDC constraint protection                                        ; Off                ; Off                      ;
; Synthesis Effort                                                 ; Auto               ; Auto                     ;
; Shift Register Replacement - Allow Asynchronous Clear Signal     ; On                 ; On                       ;
; Pre-Mapping Resynthesis Optimization                             ; Off                ; Off                      ;
; Analysis & Synthesis Message Level                               ; Medium             ; Medium                   ;
; Disable Register Merging Across Hierarchies                      ; Auto               ; Auto                     ;
; Resource Aware Inference For Block RAM                           ; On                 ; On                       ;
+------------------------------------------------------------------+--------------------+--------------------------+


+------------------------------------------+
; Parallel Compilation                     ;
+----------------------------+-------------+
; Processors                 ; Number      ;
+----------------------------+-------------+
; Number detected on machine ; 8           ;
; Maximum allowed            ; 4           ;
;                            ;             ;
; Average used               ; 1.00        ;
; Maximum used               ; 4           ;
;                            ;             ;
; Usage by Processor         ; % Time Used ;
;     Processor 1            ; 100.0%      ;
;     Processor 2            ;   0.0%      ;
;     Processors 3-4         ;   0.0%      ;
+----------------------------+-------------+


+------------------------------------------------------------------------------------------------------------------------------------------------------------------------------------------------------------------------------+
; Analysis & Synthesis Source Files Read                                                                                                                                                                                       ;
+----------------------------------+-----------------+------------------------+--------------------------------------------------------------------------------------------------------------------------------------+---------+
; File Name with User-Entered Path ; Used in Netlist ; File Type              ; File Name with Absolute Path                                                                                                         ; Library ;
+----------------------------------+-----------------+------------------------+--------------------------------------------------------------------------------------------------------------------------------------+---------+
; script/traffic_light_top.v       ; yes             ; User Verilog HDL File  ; /home/hoangbuikhanh/WORKSPACE/traffic_controller/Traffic_Light_Sytem_Enhancement/traffic_light_controller/script/traffic_light_top.v ;         ;
; script/traffic_fsm.v             ; yes             ; User Verilog HDL File  ; /home/hoangbuikhanh/WORKSPACE/traffic_controller/Traffic_Light_Sytem_Enhancement/traffic_light_controller/script/traffic_fsm.v       ;         ;
; script/conflict_monito.v         ; yes             ; User Verilog HDL File  ; /home/hoangbuikhanh/WORKSPACE/traffic_controller/Traffic_Light_Sytem_Enhancement/traffic_light_controller/script/conflict_monito.v   ;         ;
; script/clk_div.v                 ; yes             ; User Verilog HDL File  ; /home/hoangbuikhanh/WORKSPACE/traffic_controller/Traffic_Light_Sytem_Enhancement/traffic_light_controller/script/clk_div.v           ;         ;
+----------------------------------+-----------------+------------------------+--------------------------------------------------------------------------------------------------------------------------------------+---------+


+---------------------------------------------------------+
; Analysis & Synthesis Resource Usage Summary             ;
+---------------------------------------------+-----------+
; Resource                                    ; Usage     ;
+---------------------------------------------+-----------+
; Estimated Total logic elements              ; 75        ;
;                                             ;           ;
; Total combinational functions               ; 63        ;
; Logic element usage by number of LUT inputs ;           ;
;     -- 4 input functions                    ; 14        ;
;     -- 3 input functions                    ; 7         ;
;     -- <=2 input functions                  ; 42        ;
;                                             ;           ;
; Logic elements by mode                      ;           ;
;     -- normal mode                          ; 38        ;
;     -- arithmetic mode                      ; 25        ;
;                                             ;           ;
; Total registers                             ; 43        ;
;     -- Dedicated logic registers            ; 43        ;
;     -- I/O registers                        ; 0         ;
;                                             ;           ;
; I/O pins                                    ; 31        ;
;                                             ;           ;
; Embedded Multiplier 9-bit elements          ; 0         ;
;                                             ;           ;
; Maximum fan-out node                        ; clk~input ;
; Maximum fan-out                             ; 43        ;
; Total fan-out                               ; 363       ;
; Average fan-out                             ; 2.16      ;
+---------------------------------------------+-----------+


+---------------------------------------------------------------------------------------------------------------------------------------------------------------------------------------------------------------------------------+
; Analysis & Synthesis Resource Utilization by Entity                                                                                                                                                                             ;
+----------------------------+---------------------+---------------------------+-------------+--------------+---------+-----------+------+--------------+--------------------------------------+-------------------+--------------+
; Compilation Hierarchy Node ; Combinational ALUTs ; Dedicated Logic Registers ; Memory Bits ; DSP Elements ; DSP 9x9 ; DSP 18x18 ; Pins ; Virtual Pins ; Full Hierarchy Name                  ; Entity Name       ; Library Name ;
+----------------------------+---------------------+---------------------------+-------------+--------------+---------+-----------+------+--------------+--------------------------------------+-------------------+--------------+
; |traffic_light_top         ; 63 (0)              ; 43 (0)                    ; 0           ; 0            ; 0       ; 0         ; 31   ; 0            ; |traffic_light_top                   ; traffic_light_top ; work         ;
;    |clk_div:u_clk_div|     ; 47 (47)             ; 27 (27)                   ; 0           ; 0            ; 0       ; 0         ; 0    ; 0            ; |traffic_light_top|clk_div:u_clk_div ; clk_div           ; work         ;
;    |traffic_fsm:u_fsm|     ; 16 (16)             ; 16 (16)                   ; 0           ; 0            ; 0       ; 0         ; 0    ; 0            ; |traffic_light_top|traffic_fsm:u_fsm ; traffic_fsm       ; work         ;
+----------------------------+---------------------+---------------------------+-------------+--------------+---------+-----------+------+--------------+--------------------------------------+-------------------+--------------+
Note: For table entries with two numbers listed, the numbers in parentheses indicate the number of resources of the given type used by the specific entity alone. The numbers listed outside of parentheses indicate the total resources of the given type used by the specific entity and all of its sub-entities in the hierarchy.


Encoding Type:  One-Hot
+--------------------------------------------------------------------------------------------------------------------------------------------------------------------------------------------------------------------------------------------------------------------------+
; State Machine - |traffic_light_top|traffic_fsm:u_fsm|state                                                                                                                                                                                                               ;
+------------------+-----------------+----------------+------------------+--------------+----------------+------------------+------------------+----------------+------------------+--------------+----------------+------------------+------------------+-----------------+
; Name             ; state.BLINK_RED ; state.ALLRED_4 ; state.B_L_YELLOW ; state.B_LEFT ; state.ALLRED_3 ; state.B_S_YELLOW ; state.B_STRAIGHT ; state.ALLRED_2 ; state.A_L_YELLOW ; state.A_LEFT ; state.ALLRED_1 ; state.A_S_YELLOW ; state.A_STRAIGHT ; state.FAIL_SAFE ;
+------------------+-----------------+----------------+------------------+--------------+----------------+------------------+------------------+----------------+------------------+--------------+----------------+------------------+------------------+-----------------+
; state.FAIL_SAFE  ; 0               ; 0              ; 0                ; 0            ; 0              ; 0                ; 0                ; 0              ; 0                ; 0            ; 0              ; 0                ; 0                ; 0               ;
; state.A_STRAIGHT ; 0               ; 0              ; 0                ; 0            ; 0              ; 0                ; 0                ; 0              ; 0                ; 0            ; 0              ; 0                ; 1                ; 1               ;
; state.A_S_YELLOW ; 0               ; 0              ; 0                ; 0            ; 0              ; 0                ; 0                ; 0              ; 0                ; 0            ; 0              ; 1                ; 0                ; 1               ;
; state.ALLRED_1   ; 0               ; 0              ; 0                ; 0            ; 0              ; 0                ; 0                ; 0              ; 0                ; 0            ; 1              ; 0                ; 0                ; 1               ;
; state.A_LEFT     ; 0               ; 0              ; 0                ; 0            ; 0              ; 0                ; 0                ; 0              ; 0                ; 1            ; 0              ; 0                ; 0                ; 1               ;
; state.A_L_YELLOW ; 0               ; 0              ; 0                ; 0            ; 0              ; 0                ; 0                ; 0              ; 1                ; 0            ; 0              ; 0                ; 0                ; 1               ;
; state.ALLRED_2   ; 0               ; 0              ; 0                ; 0            ; 0              ; 0                ; 0                ; 1              ; 0                ; 0            ; 0              ; 0                ; 0                ; 1               ;
; state.B_STRAIGHT ; 0               ; 0              ; 0                ; 0            ; 0              ; 0                ; 1                ; 0              ; 0                ; 0            ; 0              ; 0                ; 0                ; 1               ;
; state.B_S_YELLOW ; 0               ; 0              ; 0                ; 0            ; 0              ; 1                ; 0                ; 0              ; 0                ; 0            ; 0              ; 0                ; 0                ; 1               ;
; state.ALLRED_3   ; 0               ; 0              ; 0                ; 0            ; 1              ; 0                ; 0                ; 0              ; 0                ; 0            ; 0              ; 0                ; 0                ; 1               ;
; state.B_LEFT     ; 0               ; 0              ; 0                ; 1            ; 0              ; 0                ; 0                ; 0              ; 0                ; 0            ; 0              ; 0                ; 0                ; 1               ;
; state.B_L_YELLOW ; 0               ; 0              ; 1                ; 0            ; 0              ; 0                ; 0                ; 0              ; 0                ; 0            ; 0              ; 0                ; 0                ; 1               ;
; state.ALLRED_4   ; 0               ; 1              ; 0                ; 0            ; 0              ; 0                ; 0                ; 0              ; 0                ; 0            ; 0              ; 0                ; 0                ; 1               ;
; state.BLINK_RED  ; 1               ; 0              ; 0                ; 0            ; 0              ; 0                ; 0                ; 0              ; 0                ; 0            ; 0              ; 0                ; 0                ; 1               ;
+------------------+-----------------+----------------+------------------+--------------+----------------+------------------+------------------+----------------+------------------+--------------+----------------+------------------+------------------+-----------------+


+--------------------------------------------------------------------------------------+
; Registers Removed During Synthesis                                                   ;
+----------------------------------------+---------------------------------------------+
; Register name                          ; Reason for Removal                          ;
+----------------------------------------+---------------------------------------------+
; traffic_fsm:u_fsm|sec_cnt[3]           ; Stuck at GND due to stuck port data_in      ;
; traffic_fsm:u_fsm|state~5              ; Lost fanout                                 ;
; traffic_fsm:u_fsm|state~6              ; Lost fanout                                 ;
; traffic_fsm:u_fsm|state~7              ; Lost fanout                                 ;
; traffic_fsm:u_fsm|state~8              ; Lost fanout                                 ;
; traffic_fsm:u_fsm|fault_lat            ; Stuck at GND due to stuck port clock_enable ;
; traffic_fsm:u_fsm|state.BLINK_RED      ; Stuck at GND due to stuck port data_in      ;
; clk_div:u_clk_div|cnt_2hz[0]           ; Merged with clk_div:u_clk_div|cnt_1hz[0]    ;
; clk_div:u_clk_div|cnt_2hz[1]           ; Merged with clk_div:u_clk_div|cnt_1hz[1]    ;
; traffic_fsm:u_fsm|blink                ; Lost fanout                                 ;
; clk_div:u_clk_div|tick_2hz             ; Lost fanout                                 ;
; clk_div:u_clk_div|cnt_2hz[2..24]       ; Lost fanout                                 ;
; Total Number of Removed Registers = 34 ;                                             ;
+----------------------------------------+---------------------------------------------+


+-------------------------------------------------------------------------------------------------------------------------------+
; Removed Registers Triggering Further Register Optimizations                                                                   ;
+------------------------------+--------------------------------+---------------------------------------------------------------+
; Register name                ; Reason for Removal             ; Registers Removed due to This Register                        ;
+------------------------------+--------------------------------+---------------------------------------------------------------+
; traffic_fsm:u_fsm|fault_lat  ; Stuck at GND                   ; traffic_fsm:u_fsm|state.BLINK_RED, traffic_fsm:u_fsm|blink,   ;
;                              ; due to stuck port clock_enable ; clk_div:u_clk_div|tick_2hz, clk_div:u_clk_div|cnt_2hz[24],    ;
;                              ;                                ; clk_div:u_clk_div|cnt_2hz[23], clk_div:u_clk_div|cnt_2hz[22], ;
;                              ;                                ; clk_div:u_clk_div|cnt_2hz[21], clk_div:u_clk_div|cnt_2hz[20], ;
;                              ;                                ; clk_div:u_clk_div|cnt_2hz[19], clk_div:u_clk_div|cnt_2hz[18], ;
;                              ;                                ; clk_div:u_clk_div|cnt_2hz[17], clk_div:u_clk_div|cnt_2hz[16], ;
;                              ;                                ; clk_div:u_clk_div|cnt_2hz[15], clk_div:u_clk_div|cnt_2hz[14], ;
;                              ;                                ; clk_div:u_clk_div|cnt_2hz[13], clk_div:u_clk_div|cnt_2hz[12], ;
;                              ;                                ; clk_div:u_clk_div|cnt_2hz[11], clk_div:u_clk_div|cnt_2hz[10], ;
;                              ;                                ; clk_div:u_clk_div|cnt_2hz[9], clk_div:u_clk_div|cnt_2hz[8],   ;
;                              ;                                ; clk_div:u_clk_div|cnt_2hz[7]                                  ;
; clk_div:u_clk_div|cnt_2hz[6] ; Lost Fanouts                   ; clk_div:u_clk_div|cnt_2hz[5], clk_div:u_clk_div|cnt_2hz[4],   ;
;                              ;                                ; clk_div:u_clk_div|cnt_2hz[3], clk_div:u_clk_div|cnt_2hz[2]    ;
+------------------------------+--------------------------------+---------------------------------------------------------------+


+------------------------------------------------------+
; General Register Statistics                          ;
+----------------------------------------------+-------+
; Statistic                                    ; Value ;
+----------------------------------------------+-------+
; Total registers                              ; 43    ;
; Number of registers using Synchronous Clear  ; 0     ;
; Number of registers using Synchronous Load   ; 0     ;
; Number of registers using Asynchronous Clear ; 43    ;
; Number of registers using Asynchronous Load  ; 0     ;
; Number of registers using Clock Enable       ; 16    ;
; Number of registers using Preset             ; 0     ;
+----------------------------------------------+-------+


+---------------------------------------------------------------------------------------------------------------------------------------------------------------+
; Multiplexer Restructuring Statistics (Restructuring Performed)                                                                                                ;
+--------------------+-----------+---------------+----------------------+------------------------+------------+-------------------------------------------------+
; Multiplexer Inputs ; Bus Width ; Baseline Area ; Area if Restructured ; Saving if Restructured ; Registered ; Example Multiplexer Output                      ;
+--------------------+-----------+---------------+----------------------+------------------------+------------+-------------------------------------------------+
; 4:1                ; 4 bits    ; 8 LEs         ; 4 LEs                ; 4 LEs                  ; Yes        ; |traffic_light_top|traffic_fsm:u_fsm|sec_cnt[0] ;
; 3:1                ; 12 bits   ; 24 LEs        ; 24 LEs               ; 0 LEs                  ; No         ; |traffic_light_top|traffic_fsm:u_fsm|state      ;
+--------------------+-----------+---------------+----------------------+------------------------+------------+-------------------------------------------------+


+----------------------------------------------------------------+
; Parameter Settings for User Entity Instance: clk_div:u_clk_div ;
+----------------+----------+------------------------------------+
; Parameter Name ; Value    ; Type                               ;
+----------------+----------+------------------------------------+
; CLK_FREQ       ; 50000000 ; Signed Integer                     ;
+----------------+----------+------------------------------------+
Note: In order to hide this table in the UI and the text report file, please set the "Show Parameter Settings in Synthesis Report" option in "Analysis and Synthesis Settings -> More Settings" to "Off".


+----------------------------------------------------------------+
; Parameter Settings for User Entity Instance: traffic_fsm:u_fsm ;
+----------------+-------+---------------------------------------+
; Parameter Name ; Value ; Type                                  ;
+----------------+-------+---------------------------------------+
; A_STR_TIME     ; 4     ; Signed Integer                        ;
; A_SYEL_TIME    ; 3     ; Signed Integer                        ;
; A_LFT_TIME     ; 4     ; Signed Integer                        ;
; A_LYEL_TIME    ; 3     ; Signed Integer                        ;
; B_STR_TIME     ; 4     ; Signed Integer                        ;
; B_SYEL_TIME    ; 3     ; Signed Integer                        ;
; B_LFT_TIME     ; 4     ; Signed Integer                        ;
; B_LYEL_TIME    ; 3     ; Signed Integer                        ;
; ALLRED_TIME    ; 2     ; Signed Integer                        ;
+----------------+-------+---------------------------------------+
Note: In order to hide this table in the UI and the text report file, please set the "Show Parameter Settings in Synthesis Report" option in "Analysis and Synthesis Settings -> More Settings" to "Off".


+-----------------------------------------------------+
; Post-Synthesis Netlist Statistics for Top Partition ;
+-----------------------+-----------------------------+
; Type                  ; Count                       ;
+-----------------------+-----------------------------+
; boundary_port         ; 31                          ;
; cycloneiii_ff         ; 43                          ;
;     CLR               ; 27                          ;
;     ENA CLR           ; 16                          ;
; cycloneiii_lcell_comb ; 64                          ;
;     arith             ; 25                          ;
;         2 data inputs ; 25                          ;
;     normal            ; 39                          ;
;         0 data inputs ; 1                           ;
;         1 data inputs ; 1                           ;
;         2 data inputs ; 16                          ;
;         3 data inputs ; 7                           ;
;         4 data inputs ; 14                          ;
;                       ;                             ;
; Max LUT depth         ; 5.00                        ;
; Average LUT depth     ; 3.62                        ;
+-----------------------+-----------------------------+


+-------------------------------+
; Elapsed Time Per Partition    ;
+----------------+--------------+
; Partition Name ; Elapsed Time ;
+----------------+--------------+
; Top            ; 00:00:00     ;
+----------------+--------------+


+-------------------------------+
; Analysis & Synthesis Messages ;
+-------------------------------+
Info: *******************************************************************
Info: Running Quartus Prime Analysis & Synthesis
    Info: Version 20.1.0 Build 711 06/05/2020 SJ Lite Edition
    Info: Processing started: Thu Apr  9 08:50:59 2026
Info: Command: quartus_map --read_settings_files=on --write_settings_files=off Traffic_control_automate -c Traffic_control_automate
Warning (18236): Number of processors has not been specified which may cause overloading on shared machines.  Set the global assignment NUM_PARALLEL_PROCESSORS in your QSF to an appropriate value for best performance.
Info (20030): Parallel compilation is enabled and will use 4 of the 4 processors detected
Info (12021): Found 1 design units, including 1 entities, in source file script/traffic_light_top.v
    Info (12023): Found entity 1: traffic_light_top File: /home/hoangbuikhanh/WORKSPACE/traffic_controller/Traffic_Light_Sytem_Enhancement/traffic_light_controller/script/traffic_light_top.v Line: 6
Info (12021): Found 1 design units, including 1 entities, in source file script/traffic_fsm.v
    Info (12023): Found entity 1: traffic_fsm File: /home/hoangbuikhanh/WORKSPACE/traffic_controller/Traffic_Light_Sytem_Enhancement/traffic_light_controller/script/traffic_fsm.v Line: 15
Info (12021): Found 1 design units, including 1 entities, in source file script/conflict_monito.v
    Info (12023): Found entity 1: conflict_monitor File: /home/hoangbuikhanh/WORKSPACE/traffic_controller/Traffic_Light_Sytem_Enhancement/traffic_light_controller/script/conflict_monito.v Line: 4
Info (12021): Found 1 design units, including 1 entities, in source file script/clk_div.v
    Info (12023): Found entity 1: clk_div File: /home/hoangbuikhanh/WORKSPACE/traffic_controller/Traffic_Light_Sytem_Enhancement/traffic_light_controller/script/clk_div.v Line: 4
Info (12127): Elaborating entity "traffic_light_top" for the top level hierarchy
Info (12128): Elaborating entity "clk_div" for hierarchy "clk_div:u_clk_div" File: /home/hoangbuikhanh/WORKSPACE/traffic_controller/Traffic_Light_Sytem_Enhancement/traffic_light_controller/script/traffic_light_top.v Line: 82
Warning (10230): Verilog HDL assignment warning at clk_div.v(24): truncated value with size 32 to match size of target (26) File: /home/hoangbuikhanh/WORKSPACE/traffic_controller/Traffic_Light_Sytem_Enhancement/traffic_light_controller/script/clk_div.v Line: 24
Warning (10230): Verilog HDL assignment warning at clk_div.v(41): truncated value with size 32 to match size of target (25) File: /home/hoangbuikhanh/WORKSPACE/traffic_controller/Traffic_Light_Sytem_Enhancement/traffic_light_controller/script/clk_div.v Line: 41
Info (12128): Elaborating entity "conflict_monitor" for hierarchy "conflict_monitor:u_monitor" File: /home/hoangbuikhanh/WORKSPACE/traffic_controller/Traffic_Light_Sytem_Enhancement/traffic_light_controller/script/traffic_light_top.v Line: 93
Info (12128): Elaborating entity "traffic_fsm" for hierarchy "traffic_fsm:u_fsm" File: /home/hoangbuikhanh/WORKSPACE/traffic_controller/Traffic_Light_Sytem_Enhancement/traffic_light_controller/script/traffic_light_top.v Line: 128
Info (10264): Verilog HDL Case Statement information at traffic_fsm.v(77): all case item expressions in this case statement are onehot File: /home/hoangbuikhanh/WORKSPACE/traffic_controller/Traffic_Light_Sytem_Enhancement/traffic_light_controller/script/traffic_fsm.v Line: 77
Warning (10230): Verilog HDL assignment warning at traffic_fsm.v(147): truncated value with size 32 to match size of target (4) File: /home/hoangbuikhanh/WORKSPACE/traffic_controller/Traffic_Light_Sytem_Enhancement/traffic_light_controller/script/traffic_fsm.v Line: 147
Info (10264): Verilog HDL Case Statement information at traffic_fsm.v(164): all case item expressions in this case statement are onehot File: /home/hoangbuikhanh/WORKSPACE/traffic_controller/Traffic_Light_Sytem_Enhancement/traffic_light_controller/script/traffic_fsm.v Line: 164
Warning (13024): Output pins are stuck at VCC or GND
    Warning (13410): Pin "system_fault_led" is stuck at GND File: /home/hoangbuikhanh/WORKSPACE/traffic_controller/Traffic_Light_Sytem_Enhancement/traffic_light_controller/script/traffic_light_top.v Line: 58
Info (286030): Timing-Driven Synthesis is running
Info (17049): 29 registers lost all their fanouts during netlist optimizations.
Info (16010): Generating hard_block partition "hard_block:auto_generated_inst"
    Info (16011): Adding 0 node(s), including 0 DDIO, 0 PLL, 0 transceiver and 0 LCELL
Info (21057): Implemented 107 device resources after synthesis - the final resource count might be different
    Info (21058): Implemented 2 input pins
    Info (21059): Implemented 29 output pins
    Info (21061): Implemented 76 logic cells
Info: Quartus Prime Analysis & Synthesis was successful. 0 errors, 6 warnings
    Info: Peak virtual memory: 421 megabytes
    Info: Processing ended: Thu Apr  9 08:51:05 2026
    Info: Elapsed time: 00:00:06
    Info: Total CPU time (on all processors): 00:00:17


